  [1m[35m (0.4ms)[0m  [1m[35mSET NAMES utf8,  @@SESSION.sql_mode = CONCAT(CONCAT(@@sql_mode, ',STRICT_ALL_TABLES'), ',NO_AUTO_VALUE_ON_ZERO'),  @@SESSION.sql_auto_is_null = 0, @@SESSION.wait_timeout = 2147483[0m
  [1m[36mUser Load (0.3ms)[0m  [1m[34mSELECT  `users`.* FROM `users` ORDER BY `users`.`id` DESC LIMIT 1[0m
Started GET "/" for 127.0.0.1 at 2019-09-09 17:56:51 +0800
  [1m[35m (0.5ms)[0m  [1m[35mSET NAMES utf8,  @@SESSION.sql_mode = CONCAT(CONCAT(@@sql_mode, ',STRICT_ALL_TABLES'), ',NO_AUTO_VALUE_ON_ZERO'),  @@SESSION.sql_auto_is_null = 0, @@SESSION.wait_timeout = 2147483[0m
  [1m[35m (0.5ms)[0m  [1m[34mSELECT `schema_migrations`.`version` FROM `schema_migrations` ORDER BY `schema_migrations`.`version` ASC[0m
Processing by StaticPagesController#home as HTML
  Rendering static_pages/home.html.erb within layouts/application
  [1m[36mNew Load (0.5ms)[0m  [1m[34mSELECT  `news`.* FROM `news` WHERE `news`.`resource` = 'weibo' LIMIT 50[0m
  Rendered static_pages/home.html.erb within layouts/application (33.2ms)
  Rendered layouts/_shim.html.erb (0.7ms)
  Rendered layouts/_header.html.erb (0.8ms)
  Rendered layouts/_footer.html.erb (1.4ms)
Completed 200 OK in 442ms (Views: 418.2ms | ActiveRecord: 8.8ms)


Started GET "/img/logo.png" for 127.0.0.1 at 2019-09-09 17:56:52 +0800
  [1m[35m (2.9ms)[0m  [1m[35mSET NAMES utf8,  @@SESSION.sql_mode = CONCAT(CONCAT(@@sql_mode, ',STRICT_ALL_TABLES'), ',NO_AUTO_VALUE_ON_ZERO'),  @@SESSION.sql_auto_is_null = 0, @@SESSION.wait_timeout = 2147483[0m
  [1m[35m (73.0ms)[0m  [1m[34mSELECT `schema_migrations`.`version` FROM `schema_migrations` ORDER BY `schema_migrations`.`version` ASC[0m
  
ActionController::RoutingError (No route matches [GET] "/img/logo.png"):
  
actionpack (5.1.6) lib/action_dispatch/middleware/debug_exceptions.rb:63:in `call'
actionpack (5.1.6) lib/action_dispatch/middleware/show_exceptions.rb:31:in `call'
railties (5.1.6) lib/rails/rack/logger.rb:36:in `call_app'
railties (5.1.6) lib/rails/rack/logger.rb:24:in `block in call'
activesupport (5.1.6) lib/active_support/tagged_logging.rb:69:in `block in tagged'
activesupport (5.1.6) lib/active_support/tagged_logging.rb:26:in `tagged'
activesupport (5.1.6) lib/active_support/tagged_logging.rb:69:in `tagged'
railties (5.1.6) lib/rails/rack/logger.rb:24:in `call'
sprockets-rails (3.2.1) lib/sprockets/rails/quiet_assets.rb:13:in `call'
actionpack (5.1.6) lib/action_dispatch/middleware/remote_ip.rb:79:in `call'
actionpack (5.1.6) lib/action_dispatch/middleware/request_id.rb:25:in `call'
rack (2.0.7) lib/rack/method_override.rb:22:in `call'
rack (2.0.7) lib/rack/runtime.rb:22:in `call'
activesupport (5.1.6) lib/active_support/cache/strategy/local_cache_middleware.rb:27:in `call'
actionpack (5.1.6) lib/action_dispatch/middleware/executor.rb:12:in `call'
actionpack (5.1.6) lib/action_dispatch/middleware/static.rb:125:in `call'
rack (2.0.7) lib/rack/sendfile.rb:111:in `call'
railties (5.1.6) lib/rails/engine.rb:522:in `call'
puma (3.9.1) lib/puma/configuration.rb:224:in `call'
puma (3.9.1) lib/puma/server.rb:602:in `handle_request'
puma (3.9.1) lib/puma/server.rb:435:in `process_client'
puma (3.9.1) lib/puma/server.rb:299:in `block in run'
puma (3.9.1) lib/puma/thread_pool.rb:120:in `block in spawn_thread'
Started GET "/home_resource?resource=zhihu&_=1568023013021" for 127.0.0.1 at 2019-09-09 17:56:57 +0800
Processing by StaticPagesController#home_resource as HTML
  Parameters: {"resource"=>"zhihu", "_"=>"1568023013021"}
  Rendering static_pages/home_resource.html.erb
  [1m[36mNew Load (0.7ms)[0m  [1m[34mSELECT  `news`.* FROM `news` WHERE `news`.`resource` = 'zhihu' LIMIT 30[0m
  Rendered static_pages/home_resource.html.erb (39.5ms)
Completed 200 OK in 60ms (Views: 42.4ms | ActiveRecord: 3.0ms)


Started GET "/home_resource?resource=weibo&_=1568023013022" for 127.0.0.1 at 2019-09-09 17:56:59 +0800
Processing by StaticPagesController#home_resource as HTML
  Parameters: {"resource"=>"weibo", "_"=>"1568023013022"}
  Rendering static_pages/home_resource.html.erb
  [1m[36mNew Load (0.8ms)[0m  [1m[34mSELECT  `news`.* FROM `news` WHERE `news`.`resource` = 'weibo' LIMIT 30[0m
  Rendered static_pages/home_resource.html.erb (8.1ms)
Completed 200 OK in 17ms (Views: 11.9ms | ActiveRecord: 0.8ms)


Started GET "/" for 127.0.0.1 at 2019-09-09 17:57:00 +0800
Processing by StaticPagesController#home as HTML
  Rendering static_pages/home.html.erb within layouts/application
  [1m[36mNew Load (0.4ms)[0m  [1m[34mSELECT  `news`.* FROM `news` WHERE `news`.`resource` = 'weibo' LIMIT 50[0m
  Rendered static_pages/home.html.erb within layouts/application (11.1ms)
  Rendered layouts/_shim.html.erb (0.5ms)
  Rendered layouts/_header.html.erb (0.5ms)
  Rendered layouts/_footer.html.erb (0.6ms)
Completed 200 OK in 91ms (Views: 86.9ms | ActiveRecord: 0.4ms)


Started GET "/img/logo.png" for 127.0.0.1 at 2019-09-09 17:57:00 +0800
  
ActionController::RoutingError (No route matches [GET] "/img/logo.png"):
  
actionpack (5.1.6) lib/action_dispatch/middleware/debug_exceptions.rb:63:in `call'
actionpack (5.1.6) lib/action_dispatch/middleware/show_exceptions.rb:31:in `call'
railties (5.1.6) lib/rails/rack/logger.rb:36:in `call_app'
railties (5.1.6) lib/rails/rack/logger.rb:24:in `block in call'
activesupport (5.1.6) lib/active_support/tagged_logging.rb:69:in `block in tagged'
activesupport (5.1.6) lib/active_support/tagged_logging.rb:26:in `tagged'
activesupport (5.1.6) lib/active_support/tagged_logging.rb:69:in `tagged'
railties (5.1.6) lib/rails/rack/logger.rb:24:in `call'
sprockets-rails (3.2.1) lib/sprockets/rails/quiet_assets.rb:13:in `call'
actionpack (5.1.6) lib/action_dispatch/middleware/remote_ip.rb:79:in `call'
actionpack (5.1.6) lib/action_dispatch/middleware/request_id.rb:25:in `call'
rack (2.0.7) lib/rack/method_override.rb:22:in `call'
rack (2.0.7) lib/rack/runtime.rb:22:in `call'
activesupport (5.1.6) lib/active_support/cache/strategy/local_cache_middleware.rb:27:in `call'
actionpack (5.1.6) lib/action_dispatch/middleware/executor.rb:12:in `call'
actionpack (5.1.6) lib/action_dispatch/middleware/static.rb:125:in `call'
rack (2.0.7) lib/rack/sendfile.rb:111:in `call'
railties (5.1.6) lib/rails/engine.rb:522:in `call'
puma (3.9.1) lib/puma/configuration.rb:224:in `call'
puma (3.9.1) lib/puma/server.rb:602:in `handle_request'
puma (3.9.1) lib/puma/server.rb:435:in `process_client'
puma (3.9.1) lib/puma/server.rb:299:in `block in run'
puma (3.9.1) lib/puma/thread_pool.rb:120:in `block in spawn_thread'
Started GET "/home_resource?resource=zhihu&_=1568023020908" for 127.0.0.1 at 2019-09-09 17:57:02 +0800
Processing by StaticPagesController#home_resource as HTML
  Parameters: {"resource"=>"zhihu", "_"=>"1568023020908"}
  Rendering static_pages/home_resource.html.erb
  [1m[36mNew Load (0.6ms)[0m  [1m[34mSELECT  `news`.* FROM `news` WHERE `news`.`resource` = 'zhihu' LIMIT 30[0m
  Rendered static_pages/home_resource.html.erb (10.3ms)
Completed 200 OK in 17ms (Views: 14.2ms | ActiveRecord: 0.6ms)


Started GET "/home_resource?resource=weibo&_=1568023020909" for 127.0.0.1 at 2019-09-09 17:57:04 +0800
Processing by StaticPagesController#home_resource as HTML
  Parameters: {"resource"=>"weibo", "_"=>"1568023020909"}
  Rendering static_pages/home_resource.html.erb
  [1m[36mNew Load (0.5ms)[0m  [1m[34mSELECT  `news`.* FROM `news` WHERE `news`.`resource` = 'weibo' LIMIT 30[0m
  Rendered static_pages/home_resource.html.erb (6.4ms)
Completed 200 OK in 12ms (Views: 10.1ms | ActiveRecord: 0.5ms)


Started GET "/home_resource?resource=zhihu&_=1568023020910" for 127.0.0.1 at 2019-09-09 17:57:05 +0800
Processing by StaticPagesController#home_resource as HTML
  Parameters: {"resource"=>"zhihu", "_"=>"1568023020910"}
  Rendering static_pages/home_resource.html.erb
  [1m[36mNew Load (0.5ms)[0m  [1m[34mSELECT  `news`.* FROM `news` WHERE `news`.`resource` = 'zhihu' LIMIT 30[0m
  Rendered static_pages/home_resource.html.erb (6.5ms)
Completed 200 OK in 14ms (Views: 10.7ms | ActiveRecord: 0.5ms)


Started GET "/home_resource?resource=weibo&_=1568023030451" for 127.0.0.1 at 2019-09-09 17:57:15 +0800
Processing by StaticPagesController#home_resource as HTML
  Parameters: {"resource"=>"weibo", "_"=>"1568023030451"}
  Rendering static_pages/home_resource.html.erb
  [1m[36mNew Load (1.0ms)[0m  [1m[34mSELECT  `news`.* FROM `news` WHERE `news`.`resource` = 'weibo' LIMIT 30[0m
  Rendered static_pages/home_resource.html.erb (6.8ms)
Completed 200 OK in 13ms (Views: 10.2ms | ActiveRecord: 1.0ms)


Started GET "/home_resource?resource=zhihu&_=1568023030452" for 127.0.0.1 at 2019-09-09 17:57:17 +0800
Processing by StaticPagesController#home_resource as HTML
  Parameters: {"resource"=>"zhihu", "_"=>"1568023030452"}
  Rendering static_pages/home_resource.html.erb
  [1m[36mNew Load (0.8ms)[0m  [1m[34mSELECT  `news`.* FROM `news` WHERE `news`.`resource` = 'zhihu' LIMIT 30[0m
  Rendered static_pages/home_resource.html.erb (7.6ms)
Completed 200 OK in 14ms (Views: 11.4ms | ActiveRecord: 0.8ms)


Started GET "/home_resource?resource=weibo&_=1568023030453" for 127.0.0.1 at 2019-09-09 17:57:18 +0800
Processing by StaticPagesController#home_resource as HTML
  Parameters: {"resource"=>"weibo", "_"=>"1568023030453"}
  Rendering static_pages/home_resource.html.erb
  [1m[36mNew Load (0.6ms)[0m  [1m[34mSELECT  `news`.* FROM `news` WHERE `news`.`resource` = 'weibo' LIMIT 30[0m
  Rendered static_pages/home_resource.html.erb (5.8ms)
Completed 200 OK in 13ms (Views: 10.3ms | ActiveRecord: 0.6ms)


Started GET "/home_resource?resource=zhihu&_=1568023030454" for 127.0.0.1 at 2019-09-09 17:57:19 +0800
Processing by StaticPagesController#home_resource as HTML
  Parameters: {"resource"=>"zhihu", "_"=>"1568023030454"}
  Rendering static_pages/home_resource.html.erb
  [1m[36mNew Load (0.8ms)[0m  [1m[34mSELECT  `news`.* FROM `news` WHERE `news`.`resource` = 'zhihu' LIMIT 30[0m
  Rendered static_pages/home_resource.html.erb (9.2ms)
Completed 200 OK in 15ms (Views: 13.0ms | ActiveRecord: 0.8ms)


Started GET "/home_resource?resource=weibo&_=1568023030455" for 127.0.0.1 at 2019-09-09 17:57:22 +0800
Processing by StaticPagesController#home_resource as HTML
  Parameters: {"resource"=>"weibo", "_"=>"1568023030455"}
  Rendering static_pages/home_resource.html.erb
  [1m[36mNew Load (0.6ms)[0m  [1m[34mSELECT  `news`.* FROM `news` WHERE `news`.`resource` = 'weibo' LIMIT 30[0m
  Rendered static_pages/home_resource.html.erb (6.6ms)
Completed 200 OK in 13ms (Views: 10.2ms | ActiveRecord: 0.6ms)


Started GET "/home_resource?resource=zhihu&_=1568023030456" for 127.0.0.1 at 2019-09-09 17:57:24 +0800
Processing by StaticPagesController#home_resource as HTML
  Parameters: {"resource"=>"zhihu", "_"=>"1568023030456"}
  Rendering static_pages/home_resource.html.erb
  [1m[36mNew Load (1.0ms)[0m  [1m[34mSELECT  `news`.* FROM `news` WHERE `news`.`resource` = 'zhihu' LIMIT 30[0m
  Rendered static_pages/home_resource.html.erb (9.5ms)
Completed 200 OK in 17ms (Views: 13.6ms | ActiveRecord: 1.0ms)


Started GET "/" for 127.0.0.1 at 2019-09-09 17:57:27 +0800
Processing by StaticPagesController#home as HTML
  Rendering static_pages/home.html.erb within layouts/application
  [1m[36mNew Load (0.4ms)[0m  [1m[34mSELECT  `news`.* FROM `news` WHERE `news`.`resource` = 'weibo' LIMIT 50[0m
  Rendered static_pages/home.html.erb within layouts/application (5.9ms)
  Rendered layouts/_shim.html.erb (0.3ms)
  Rendered layouts/_header.html.erb (0.4ms)
  Rendered layouts/_footer.html.erb (0.4ms)
Completed 200 OK in 22ms (Views: 19.7ms | ActiveRecord: 0.4ms)


Started GET "/img/logo.png" for 127.0.0.1 at 2019-09-09 17:57:27 +0800
  
ActionController::RoutingError (No route matches [GET] "/img/logo.png"):
  
actionpack (5.1.6) lib/action_dispatch/middleware/debug_exceptions.rb:63:in `call'
actionpack (5.1.6) lib/action_dispatch/middleware/show_exceptions.rb:31:in `call'
railties (5.1.6) lib/rails/rack/logger.rb:36:in `call_app'
railties (5.1.6) lib/rails/rack/logger.rb:24:in `block in call'
activesupport (5.1.6) lib/active_support/tagged_logging.rb:69:in `block in tagged'
activesupport (5.1.6) lib/active_support/tagged_logging.rb:26:in `tagged'
activesupport (5.1.6) lib/active_support/tagged_logging.rb:69:in `tagged'
railties (5.1.6) lib/rails/rack/logger.rb:24:in `call'
sprockets-rails (3.2.1) lib/sprockets/rails/quiet_assets.rb:13:in `call'
actionpack (5.1.6) lib/action_dispatch/middleware/remote_ip.rb:79:in `call'
actionpack (5.1.6) lib/action_dispatch/middleware/request_id.rb:25:in `call'
rack (2.0.7) lib/rack/method_override.rb:22:in `call'
rack (2.0.7) lib/rack/runtime.rb:22:in `call'
activesupport (5.1.6) lib/active_support/cache/strategy/local_cache_middleware.rb:27:in `call'
actionpack (5.1.6) lib/action_dispatch/middleware/executor.rb:12:in `call'
actionpack (5.1.6) lib/action_dispatch/middleware/static.rb:125:in `call'
rack (2.0.7) lib/rack/sendfile.rb:111:in `call'
railties (5.1.6) lib/rails/engine.rb:522:in `call'
puma (3.9.1) lib/puma/configuration.rb:224:in `call'
puma (3.9.1) lib/puma/server.rb:602:in `handle_request'
puma (3.9.1) lib/puma/server.rb:435:in `process_client'
puma (3.9.1) lib/puma/server.rb:299:in `block in run'
puma (3.9.1) lib/puma/thread_pool.rb:120:in `block in spawn_thread'
Started GET "/home_resource?resource=zhihu&_=1568023047280" for 127.0.0.1 at 2019-09-09 17:57:29 +0800
Processing by StaticPagesController#home_resource as HTML
  Parameters: {"resource"=>"zhihu", "_"=>"1568023047280"}
  Rendering static_pages/home_resource.html.erb
  [1m[36mNew Load (1.1ms)[0m  [1m[34mSELECT  `news`.* FROM `news` WHERE `news`.`resource` = 'zhihu' LIMIT 30[0m
  Rendered static_pages/home_resource.html.erb (11.5ms)
Completed 200 OK in 19ms (Views: 15.3ms | ActiveRecord: 1.1ms)


Started GET "/home_resource?resource=weibo&_=1568023067384" for 127.0.0.1 at 2019-09-09 17:57:53 +0800
Processing by StaticPagesController#home_resource as HTML
  Parameters: {"resource"=>"weibo", "_"=>"1568023067384"}
  Rendering static_pages/home_resource.html.erb
  [1m[36mNew Load (0.7ms)[0m  [1m[34mSELECT  `news`.* FROM `news` WHERE `news`.`resource` = 'weibo' LIMIT 30[0m
  Rendered static_pages/home_resource.html.erb (6.9ms)
Completed 200 OK in 17ms (Views: 13.5ms | ActiveRecord: 0.7ms)


Started GET "/home_resource?resource=zhihu&_=1568023067385" for 127.0.0.1 at 2019-09-09 17:57:58 +0800
Processing by StaticPagesController#home_resource as HTML
  Parameters: {"resource"=>"zhihu", "_"=>"1568023067385"}
  Rendering static_pages/home_resource.html.erb
  [1m[36mNew Load (0.5ms)[0m  [1m[34mSELECT  `news`.* FROM `news` WHERE `news`.`resource` = 'zhihu' LIMIT 30[0m
  Rendered static_pages/home_resource.html.erb (7.6ms)
Completed 200 OK in 15ms (Views: 11.8ms | ActiveRecord: 0.5ms)


Started GET "/apidoc" for 127.0.0.1 at 2019-09-09 17:58:10 +0800
Processing by GrapeSwaggerRails::ApplicationController#index as HTML
  Rendering /home/w/.rvm/gems/ruby-2.3.0/gems/grape-swagger-rails-0.3.1/app/views/grape_swagger_rails/application/index.html.erb
  Rendered /home/w/.rvm/gems/ruby-2.3.0/gems/grape-swagger-rails-0.3.1/app/views/grape_swagger_rails/application/index.html.erb (7.9ms)
Completed 200 OK in 14ms (Views: 11.1ms | ActiveRecord: 0.0ms)


Started GET "/api/swagger_doc" for 127.0.0.1 at 2019-09-09 17:58:11 +0800
Started GET "/api/ping" for 127.0.0.1 at 2019-09-09 17:58:16 +0800
  [1m[36mNew Load (0.4ms)[0m  [1m[34mSELECT  `news`.* FROM `news` ORDER BY id desc LIMIT 5[0m
Started GET "/apidoc" for 127.0.0.1 at 2019-09-09 18:00:41 +0800
Processing by GrapeSwaggerRails::ApplicationController#index as HTML
  Rendering /home/w/.rvm/gems/ruby-2.3.0/gems/grape-swagger-rails-0.3.1/app/views/grape_swagger_rails/application/index.html.erb
  Rendered /home/w/.rvm/gems/ruby-2.3.0/gems/grape-swagger-rails-0.3.1/app/views/grape_swagger_rails/application/index.html.erb (8.0ms)
Completed 200 OK in 21ms (Views: 12.0ms | ActiveRecord: 0.0ms)


Started GET "/api/swagger_doc" for 127.0.0.1 at 2019-09-09 18:00:42 +0800
Started GET "/api/ping?resource=zhihu" for 127.0.0.1 at 2019-09-09 18:01:10 +0800
  [1m[36mNew Load (0.5ms)[0m  [1m[34mSELECT  `news`.* FROM `news` ORDER BY id desc LIMIT 5[0m
Started GET "/api/ping?resource=zhihu" for 127.0.0.1 at 2019-09-09 18:01:58 +0800
  [1m[36mNew Load (0.4ms)[0m  [1m[34mSELECT  `news`.* FROM `news` WHERE `news`.`resource` = 'zhihu' ORDER BY id desc LIMIT 5[0m
Started GET "/api/ping?resource=zhihu" for 127.0.0.1 at 2019-09-09 18:01:59 +0800
  [1m[36mNew Load (0.5ms)[0m  [1m[34mSELECT  `news`.* FROM `news` WHERE `news`.`resource` = 'zhihu' ORDER BY id desc LIMIT 5[0m
Started GET "/api/ping?resource=zhihu" for 127.0.0.1 at 2019-09-09 18:01:59 +0800
  [1m[36mNew Load (0.4ms)[0m  [1m[34mSELECT  `news`.* FROM `news` WHERE `news`.`resource` = 'zhihu' ORDER BY id desc LIMIT 5[0m
Started GET "/api/ping?resource=zhihu" for 127.0.0.1 at 2019-09-09 18:01:59 +0800
  [1m[36mNew Load (0.3ms)[0m  [1m[34mSELECT  `news`.* FROM `news` WHERE `news`.`resource` = 'zhihu' ORDER BY id desc LIMIT 5[0m
Started GET "/api/ping?resource=zhihu" for 127.0.0.1 at 2019-09-09 18:01:59 +0800
  [1m[36mNew Load (0.4ms)[0m  [1m[34mSELECT  `news`.* FROM `news` WHERE `news`.`resource` = 'zhihu' ORDER BY id desc LIMIT 5[0m
Started GET "/api/ping?resource=zhihu" for 127.0.0.1 at 2019-09-09 18:02:00 +0800
  [1m[36mNew Load (0.6ms)[0m  [1m[34mSELECT  `news`.* FROM `news` WHERE `news`.`resource` = 'zhihu' ORDER BY id desc LIMIT 5[0m
Started GET "/api/ping?resource=zhihu" for 127.0.0.1 at 2019-09-09 18:02:00 +0800
  [1m[36mNew Load (0.4ms)[0m  [1m[34mSELECT  `news`.* FROM `news` WHERE `news`.`resource` = 'zhihu' ORDER BY id desc LIMIT 5[0m
Started GET "/api/ping?resource=zhihu" for 127.0.0.1 at 2019-09-09 18:02:01 +0800
  [1m[36mNew Load (0.4ms)[0m  [1m[34mSELECT  `news`.* FROM `news` WHERE `news`.`resource` = 'zhihu' ORDER BY id desc LIMIT 5[0m
Started GET "/api/ping?resource=zhihu" for 127.0.0.1 at 2019-09-09 18:02:01 +0800
  [1m[36mNew Load (0.5ms)[0m  [1m[34mSELECT  `news`.* FROM `news` WHERE `news`.`resource` = 'zhihu' ORDER BY id desc LIMIT 5[0m
Started GET "/api/ping?resource=zhihu" for 127.0.0.1 at 2019-09-09 18:02:01 +0800
  [1m[36mNew Load (0.4ms)[0m  [1m[34mSELECT  `news`.* FROM `news` WHERE `news`.`resource` = 'zhihu' ORDER BY id desc LIMIT 5[0m
Started GET "/api/ping?resource=weibo" for 127.0.0.1 at 2019-09-09 18:02:04 +0800
  [1m[36mNew Load (0.5ms)[0m  [1m[34mSELECT  `news`.* FROM `news` WHERE `news`.`resource` = 'weibo' ORDER BY id desc LIMIT 5[0m
Started GET "/api/ping?resource=weibo" for 127.0.0.1 at 2019-09-09 18:02:08 +0800
  [1m[36mNew Load (0.5ms)[0m  [1m[34mSELECT  `news`.* FROM `news` WHERE `news`.`resource` = 'weibo' ORDER BY id desc LIMIT 5[0m
Started GET "/api/ping?resource=weibo" for 127.0.0.1 at 2019-09-09 18:02:09 +0800
  [1m[36mNew Load (0.5ms)[0m  [1m[34mSELECT  `news`.* FROM `news` WHERE `news`.`resource` = 'weibo' ORDER BY id desc LIMIT 5[0m
Started GET "/api/ping?resource=weibo" for 127.0.0.1 at 2019-09-09 18:02:09 +0800
  [1m[36mNew Load (0.6ms)[0m  [1m[34mSELECT  `news`.* FROM `news` WHERE `news`.`resource` = 'weibo' ORDER BY id desc LIMIT 5[0m
Started GET "/api/ping?resource=weibo" for 127.0.0.1 at 2019-09-09 18:10:05 +0800
  [1m[36mNew Load (0.5ms)[0m  [1m[34mSELECT  `news`.* FROM `news` WHERE `news`.`resource` = 'weibo' ORDER BY id desc LIMIT 5[0m
Started GET "/api/ping?resource=weibo" for 127.0.0.1 at 2019-09-09 18:24:43 +0800
  [1m[36mNew Load (0.6ms)[0m  [1m[34mSELECT  `news`.* FROM `news` WHERE `news`.`resource` = 'weibo' ORDER BY id desc LIMIT 5[0m
Started GET "/api/ping?resource=weibo" for 127.0.0.1 at 2019-09-09 18:38:55 +0800
  [1m[36mNew Load (0.7ms)[0m  [1m[34mSELECT  `news`.* FROM `news` WHERE `news`.`resource` = 'weibo' ORDER BY id desc LIMIT 5[0m
Started GET "/" for 127.0.0.1 at 2019-09-11 16:41:53 +0800
  [1m[35m (7.2ms)[0m  [1m[35mSET NAMES utf8,  @@SESSION.sql_mode = CONCAT(CONCAT(@@sql_mode, ',STRICT_ALL_TABLES'), ',NO_AUTO_VALUE_ON_ZERO'),  @@SESSION.sql_auto_is_null = 0, @@SESSION.wait_timeout = 2147483[0m
  [1m[35m (0.3ms)[0m  [1m[34mSELECT `schema_migrations`.`version` FROM `schema_migrations` ORDER BY `schema_migrations`.`version` ASC[0m
Processing by StaticPagesController#home as HTML
  Rendering static_pages/home.html.erb within layouts/application
  [1m[36mNew Load (0.6ms)[0m  [1m[34mSELECT  `news`.* FROM `news` WHERE `news`.`resource` = 'weibo' LIMIT 50[0m
  Rendered static_pages/home.html.erb within layouts/application (33.7ms)
  Rendered layouts/_shim.html.erb (0.7ms)
  Rendered layouts/_header.html.erb (0.8ms)
  Rendered layouts/_footer.html.erb (0.9ms)
Completed 200 OK in 433ms (Views: 401.9ms | ActiveRecord: 8.8ms)


Started GET "/img/logo.png" for 127.0.0.1 at 2019-09-11 16:41:54 +0800
  
ActionController::RoutingError (No route matches [GET] "/img/logo.png"):
  
actionpack (5.1.6) lib/action_dispatch/middleware/debug_exceptions.rb:63:in `call'
actionpack (5.1.6) lib/action_dispatch/middleware/show_exceptions.rb:31:in `call'
railties (5.1.6) lib/rails/rack/logger.rb:36:in `call_app'
railties (5.1.6) lib/rails/rack/logger.rb:24:in `block in call'
activesupport (5.1.6) lib/active_support/tagged_logging.rb:69:in `block in tagged'
activesupport (5.1.6) lib/active_support/tagged_logging.rb:26:in `tagged'
activesupport (5.1.6) lib/active_support/tagged_logging.rb:69:in `tagged'
railties (5.1.6) lib/rails/rack/logger.rb:24:in `call'
sprockets-rails (3.2.1) lib/sprockets/rails/quiet_assets.rb:13:in `call'
actionpack (5.1.6) lib/action_dispatch/middleware/remote_ip.rb:79:in `call'
actionpack (5.1.6) lib/action_dispatch/middleware/request_id.rb:25:in `call'
rack (2.0.7) lib/rack/method_override.rb:22:in `call'
rack (2.0.7) lib/rack/runtime.rb:22:in `call'
activesupport (5.1.6) lib/active_support/cache/strategy/local_cache_middleware.rb:27:in `call'
actionpack (5.1.6) lib/action_dispatch/middleware/executor.rb:12:in `call'
actionpack (5.1.6) lib/action_dispatch/middleware/static.rb:125:in `call'
rack (2.0.7) lib/rack/sendfile.rb:111:in `call'
railties (5.1.6) lib/rails/engine.rb:522:in `call'
puma (3.9.1) lib/puma/configuration.rb:224:in `call'
puma (3.9.1) lib/puma/server.rb:602:in `handle_request'
puma (3.9.1) lib/puma/server.rb:435:in `process_client'
puma (3.9.1) lib/puma/server.rb:299:in `block in run'
puma (3.9.1) lib/puma/thread_pool.rb:120:in `block in spawn_thread'
Started GET "/apidoc" for 127.0.0.1 at 2019-09-11 16:42:05 +0800
Processing by GrapeSwaggerRails::ApplicationController#index as HTML
  Rendering /home/w/.rvm/gems/ruby-2.3.0/gems/grape-swagger-rails-0.3.1/app/views/grape_swagger_rails/application/index.html.erb
  Rendered /home/w/.rvm/gems/ruby-2.3.0/gems/grape-swagger-rails-0.3.1/app/views/grape_swagger_rails/application/index.html.erb (90.7ms)
Completed 200 OK in 109ms (Views: 98.7ms | ActiveRecord: 0.0ms)


Started GET "/api/swagger_doc" for 127.0.0.1 at 2019-09-11 16:42:05 +0800
Started GET "/api/ping?resource=weibo" for 127.0.0.1 at 2019-09-11 16:42:16 +0800
  
ArgumentError (wrong number of arguments (given 0, expected 1)):
  
app/api/test.rb:13:in `block in <class:Test>'
Started GET "/apidoc" for 127.0.0.1 at 2019-09-11 16:43:23 +0800
Processing by GrapeSwaggerRails::ApplicationController#index as HTML
  Rendering /home/w/.rvm/gems/ruby-2.3.0/gems/grape-swagger-rails-0.3.1/app/views/grape_swagger_rails/application/index.html.erb
  Rendered /home/w/.rvm/gems/ruby-2.3.0/gems/grape-swagger-rails-0.3.1/app/views/grape_swagger_rails/application/index.html.erb (9.2ms)
Completed 200 OK in 16ms (Views: 13.4ms | ActiveRecord: 0.0ms)


Started GET "/api/swagger_doc" for 127.0.0.1 at 2019-09-11 16:43:24 +0800
Started GET "/apidoc" for 127.0.0.1 at 2019-09-11 16:44:35 +0800
Processing by GrapeSwaggerRails::ApplicationController#index as HTML
  Rendering /home/w/.rvm/gems/ruby-2.3.0/gems/grape-swagger-rails-0.3.1/app/views/grape_swagger_rails/application/index.html.erb
  Rendered /home/w/.rvm/gems/ruby-2.3.0/gems/grape-swagger-rails-0.3.1/app/views/grape_swagger_rails/application/index.html.erb (7.6ms)
Completed 200 OK in 13ms (Views: 10.7ms | ActiveRecord: 0.0ms)


Started GET "/api/swagger_doc" for 127.0.0.1 at 2019-09-11 16:44:35 +0800
Started GET "/api/ping/test?resource=weibo" for 127.0.0.1 at 2019-09-11 16:44:45 +0800
  
ArgumentError (wrong number of arguments (given 0, expected 1)):
  
app/api/ping.rb:7:in `block in <class:Ping>'
Started GET "/api/ping/test?resource=weibo" for 127.0.0.1 at 2019-09-11 16:45:05 +0800
Started GET "/api/ping/test?resource=weibo" for 127.0.0.1 at 2019-09-11 16:46:01 +0800
Started GET "/api/ping/test?resource=weibo" for 127.0.0.1 at 2019-09-11 16:47:43 +0800
  [1m[35m (0.4ms)[0m  [1m[35mSET NAMES utf8,  @@SESSION.sql_mode = CONCAT(CONCAT(@@sql_mode, ',STRICT_ALL_TABLES'), ',NO_AUTO_VALUE_ON_ZERO'),  @@SESSION.sql_auto_is_null = 0, @@SESSION.wait_timeout = 2147483[0m
  [1m[35m (0.4ms)[0m  [1m[34mSELECT `schema_migrations`.`version` FROM `schema_migrations` ORDER BY `schema_migrations`.`version` ASC[0m
Started GET "/api/ping/test?resource=weibo" for 127.0.0.1 at 2019-09-11 16:48:57 +0800
  [1m[35m (0.4ms)[0m  [1m[35mSET NAMES utf8,  @@SESSION.sql_mode = CONCAT(CONCAT(@@sql_mode, ',STRICT_ALL_TABLES'), ',NO_AUTO_VALUE_ON_ZERO'),  @@SESSION.sql_auto_is_null = 0, @@SESSION.wait_timeout = 2147483[0m
  [1m[35m (0.5ms)[0m  [1m[34mSELECT `schema_migrations`.`version` FROM `schema_migrations` ORDER BY `schema_migrations`.`version` ASC[0m
Started GET "/api/ping/test?resource=weibo" for 127.0.0.1 at 2019-09-11 16:53:59 +0800
  [1m[35m (0.3ms)[0m  [1m[35mSET NAMES utf8,  @@SESSION.sql_mode = CONCAT(CONCAT(@@sql_mode, ',STRICT_ALL_TABLES'), ',NO_AUTO_VALUE_ON_ZERO'),  @@SESSION.sql_auto_is_null = 0, @@SESSION.wait_timeout = 2147483[0m
  [1m[35m (0.4ms)[0m  [1m[34mSELECT `schema_migrations`.`version` FROM `schema_migrations` ORDER BY `schema_migrations`.`version` ASC[0m
  
ArgumentError (wrong number of arguments (given 0, expected 1)):
  
app/api/ping.rb:8:in `block in <class:Ping>'
Started GET "/" for 127.0.0.1 at 2019-09-11 16:57:43 +0800
  [1m[35m (0.3ms)[0m  [1m[35mSET NAMES utf8,  @@SESSION.sql_mode = CONCAT(CONCAT(@@sql_mode, ',STRICT_ALL_TABLES'), ',NO_AUTO_VALUE_ON_ZERO'),  @@SESSION.sql_auto_is_null = 0, @@SESSION.wait_timeout = 2147483[0m
  [1m[35m (0.4ms)[0m  [1m[34mSELECT `schema_migrations`.`version` FROM `schema_migrations` ORDER BY `schema_migrations`.`version` ASC[0m
Processing by StaticPagesController#home as HTML
  Rendering static_pages/home.html.erb within layouts/application
  [1m[36mNew Load (0.5ms)[0m  [1m[34mSELECT  `news`.* FROM `news` WHERE `news`.`resource` = 'weibo' LIMIT 50[0m
  Rendered static_pages/home.html.erb within layouts/application (25.8ms)
  Rendered layouts/_shim.html.erb (0.7ms)
  Rendered layouts/_header.html.erb (0.5ms)
  Rendered layouts/_footer.html.erb (0.7ms)
Completed 200 OK in 354ms (Views: 338.3ms | ActiveRecord: 1.9ms)


Started GET "/img/logo.png" for 127.0.0.1 at 2019-09-11 16:57:44 +0800
  
ActionController::RoutingError (No route matches [GET] "/img/logo.png"):
  
actionpack (5.1.6) lib/action_dispatch/middleware/debug_exceptions.rb:63:in `call'
actionpack (5.1.6) lib/action_dispatch/middleware/show_exceptions.rb:31:in `call'
railties (5.1.6) lib/rails/rack/logger.rb:36:in `call_app'
railties (5.1.6) lib/rails/rack/logger.rb:24:in `block in call'
activesupport (5.1.6) lib/active_support/tagged_logging.rb:69:in `block in tagged'
activesupport (5.1.6) lib/active_support/tagged_logging.rb:26:in `tagged'
activesupport (5.1.6) lib/active_support/tagged_logging.rb:69:in `tagged'
railties (5.1.6) lib/rails/rack/logger.rb:24:in `call'
sprockets-rails (3.2.1) lib/sprockets/rails/quiet_assets.rb:13:in `call'
actionpack (5.1.6) lib/action_dispatch/middleware/remote_ip.rb:79:in `call'
actionpack (5.1.6) lib/action_dispatch/middleware/request_id.rb:25:in `call'
rack (2.0.7) lib/rack/method_override.rb:22:in `call'
rack (2.0.7) lib/rack/runtime.rb:22:in `call'
activesupport (5.1.6) lib/active_support/cache/strategy/local_cache_middleware.rb:27:in `call'
actionpack (5.1.6) lib/action_dispatch/middleware/executor.rb:12:in `call'
actionpack (5.1.6) lib/action_dispatch/middleware/static.rb:125:in `call'
rack (2.0.7) lib/rack/sendfile.rb:111:in `call'
railties (5.1.6) lib/rails/engine.rb:522:in `call'
puma (3.9.1) lib/puma/configuration.rb:224:in `call'
puma (3.9.1) lib/puma/server.rb:602:in `handle_request'
puma (3.9.1) lib/puma/server.rb:435:in `process_client'
puma (3.9.1) lib/puma/server.rb:299:in `block in run'
puma (3.9.1) lib/puma/thread_pool.rb:120:in `block in spawn_thread'
Started GET "/apidoc" for 127.0.0.1 at 2019-09-11 16:57:50 +0800
Processing by GrapeSwaggerRails::ApplicationController#index as HTML
  Rendering /home/w/.rvm/gems/ruby-2.3.0/gems/grape-swagger-rails-0.3.1/app/views/grape_swagger_rails/application/index.html.erb
  Rendered /home/w/.rvm/gems/ruby-2.3.0/gems/grape-swagger-rails-0.3.1/app/views/grape_swagger_rails/application/index.html.erb (11.4ms)
Completed 200 OK in 21ms (Views: 15.7ms | ActiveRecord: 0.0ms)


Started GET "/api/swagger_doc" for 127.0.0.1 at 2019-09-11 16:57:51 +0800
Started GET "/api/ping/test?resource=zhihu" for 127.0.0.1 at 2019-09-11 16:58:04 +0800
  
ArgumentError (wrong number of arguments (given 0, expected 1)):
  
app/api/ping.rb:7:in `block in <class:Ping>'
Started GET "/apidoc" for 127.0.0.1 at 2019-09-11 16:59:12 +0800
Processing by GrapeSwaggerRails::ApplicationController#index as HTML
  Rendering /home/w/.rvm/gems/ruby-2.3.0/gems/grape-swagger-rails-0.3.1/app/views/grape_swagger_rails/application/index.html.erb
  Rendered /home/w/.rvm/gems/ruby-2.3.0/gems/grape-swagger-rails-0.3.1/app/views/grape_swagger_rails/application/index.html.erb (7.0ms)
Completed 200 OK in 13ms (Views: 10.3ms | ActiveRecord: 0.0ms)


Started GET "/api/swagger_doc" for 127.0.0.1 at 2019-09-11 16:59:12 +0800
Started GET "/api/ping/test?resource=zhihu" for 127.0.0.1 at 2019-09-11 16:59:16 +0800
Started GET "/api/ping/test?resource=zhihu" for 127.0.0.1 at 2019-09-11 16:59:25 +0800
Started GET "/api/ping/test?resource=zhihu" for 127.0.0.1 at 2019-09-11 16:59:25 +0800
Started GET "/api/ping/test?resource=zhihu" for 127.0.0.1 at 2019-09-11 16:59:26 +0800
Started GET "/api/ping/test?resource=zhihu" for 127.0.0.1 at 2019-09-11 16:59:26 +0800
Started GET "/api/ping/test?resource=zhihu" for 127.0.0.1 at 2019-09-11 16:59:26 +0800
Started GET "/api/ping/test?resource=zhihu" for 127.0.0.1 at 2019-09-11 16:59:26 +0800
Started GET "/api/ping/test?resource=zhihu" for 127.0.0.1 at 2019-09-11 16:59:26 +0800
Started GET "/api/ping/test?resource=zhihu" for 127.0.0.1 at 2019-09-11 16:59:27 +0800
Started GET "/api/ping/test?resource=zhihu" for 127.0.0.1 at 2019-09-11 16:59:27 +0800
Started GET "/api/ping/test?resource=zhihu" for 127.0.0.1 at 2019-09-11 16:59:27 +0800
Started GET "/api/ping/test?resource=zhihu" for 127.0.0.1 at 2019-09-11 16:59:27 +0800
Started GET "/api/ping/test?resource=zhihu" for 127.0.0.1 at 2019-09-11 16:59:27 +0800
Started GET "/api/ping/test?resource=zhihu" for 127.0.0.1 at 2019-09-11 17:00:08 +0800
Started GET "/api/ping/test?resource=zhihu" for 127.0.0.1 at 2019-09-11 17:00:09 +0800
Started GET "/api/ping/test?resource=zhihu" for 127.0.0.1 at 2019-09-11 17:00:09 +0800
Started GET "/api/ping/test?resource=zhihu" for 127.0.0.1 at 2019-09-11 17:00:09 +0800
Started GET "/api/ping/test?resource=zhihu" for 127.0.0.1 at 2019-09-11 17:00:09 +0800
Started GET "/api/ping/test?resource=zhihu" for 127.0.0.1 at 2019-09-11 17:00:10 +0800
Started GET "/apidoc" for 127.0.0.1 at 2019-09-11 17:02:42 +0800
  [1m[35m (0.5ms)[0m  [1m[35mSET NAMES utf8,  @@SESSION.sql_mode = CONCAT(CONCAT(@@sql_mode, ',STRICT_ALL_TABLES'), ',NO_AUTO_VALUE_ON_ZERO'),  @@SESSION.sql_auto_is_null = 0, @@SESSION.wait_timeout = 2147483[0m
  [1m[35m (0.4ms)[0m  [1m[34mSELECT `schema_migrations`.`version` FROM `schema_migrations` ORDER BY `schema_migrations`.`version` ASC[0m
Processing by GrapeSwaggerRails::ApplicationController#index as HTML
  Rendering /home/w/.rvm/gems/ruby-2.3.0/gems/grape-swagger-rails-0.3.1/app/views/grape_swagger_rails/application/index.html.erb
  Rendered /home/w/.rvm/gems/ruby-2.3.0/gems/grape-swagger-rails-0.3.1/app/views/grape_swagger_rails/application/index.html.erb (341.0ms)
Completed 200 OK in 360ms (Views: 349.0ms | ActiveRecord: 0.0ms)


Started GET "/api/swagger_doc" for 127.0.0.1 at 2019-09-11 17:02:42 +0800
Started GET "/api/ping?resource=zhihu" for 127.0.0.1 at 2019-09-11 17:02:48 +0800
  
ArgumentError (wrong number of arguments (given 0, expected 1)):
  
app/api/test.rb:13:in `block in <class:Test>'
Started GET "/apidoc" for 127.0.0.1 at 2019-09-11 17:03:14 +0800
Processing by GrapeSwaggerRails::ApplicationController#index as HTML
  Rendering /home/w/.rvm/gems/ruby-2.3.0/gems/grape-swagger-rails-0.3.1/app/views/grape_swagger_rails/application/index.html.erb
  Rendered /home/w/.rvm/gems/ruby-2.3.0/gems/grape-swagger-rails-0.3.1/app/views/grape_swagger_rails/application/index.html.erb (8.4ms)
Completed 200 OK in 14ms (Views: 11.4ms | ActiveRecord: 0.0ms)


Started GET "/api/swagger_doc" for 127.0.0.1 at 2019-09-11 17:03:14 +0800
Started GET "/api/ping?resource=zhihu" for 127.0.0.1 at 2019-09-11 17:03:19 +0800
  [1m[36mNew Load (0.4ms)[0m  [1m[34mSELECT  `news`.* FROM `news` WHERE `news`.`resource` = 'zhihu' ORDER BY id desc LIMIT 5[0m
Started GET "/apidoc" for 127.0.0.1 at 2019-09-11 17:05:45 +0800
Processing by GrapeSwaggerRails::ApplicationController#index as HTML
  Rendering /home/w/.rvm/gems/ruby-2.3.0/gems/grape-swagger-rails-0.3.1/app/views/grape_swagger_rails/application/index.html.erb
  Rendered /home/w/.rvm/gems/ruby-2.3.0/gems/grape-swagger-rails-0.3.1/app/views/grape_swagger_rails/application/index.html.erb (7.9ms)
Completed 200 OK in 15ms (Views: 12.3ms | ActiveRecord: 0.0ms)


Started GET "/api/swagger_doc" for 127.0.0.1 at 2019-09-11 17:05:45 +0800
Started GET "/api/test?resource=zhihu%20" for 127.0.0.1 at 2019-09-11 17:06:03 +0800
  [1m[36mNew Load (0.4ms)[0m  [1m[34mSELECT  `news`.* FROM `news` WHERE `news`.`resource` = 'zhihu ' ORDER BY id desc LIMIT 5[0m
Started GET "/apidoc" for 127.0.0.1 at 2019-09-11 17:06:26 +0800
Processing by GrapeSwaggerRails::ApplicationController#index as HTML
  Rendering /home/w/.rvm/gems/ruby-2.3.0/gems/grape-swagger-rails-0.3.1/app/views/grape_swagger_rails/application/index.html.erb
  Rendered /home/w/.rvm/gems/ruby-2.3.0/gems/grape-swagger-rails-0.3.1/app/views/grape_swagger_rails/application/index.html.erb (7.2ms)
Completed 200 OK in 15ms (Views: 11.9ms | ActiveRecord: 0.0ms)


Started GET "/api/swagger_doc" for 127.0.0.1 at 2019-09-11 17:06:26 +0800
Started GET "/api/test?resource=zhihu" for 127.0.0.1 at 2019-09-11 17:06:30 +0800
  [1m[36mNew Load (0.3ms)[0m  [1m[34mSELECT  `news`.* FROM `news` WHERE `news`.`resource` = 'zhihu' ORDER BY id desc LIMIT 5[0m
Started GET "/apidoc" for 127.0.0.1 at 2019-09-11 17:07:07 +0800
  
NameError (uninitialized constant Test::HnHelpers):
  
app/api/test.rb:5:in `<class:Test>'
app/api/test.rb:3:in `<top (required)>'
config/routes.rb:14:in `block in <top (required)>'
config/routes.rb:1:in `<top (required)>'
Started GET "/apidoc" for 127.0.0.1 at 2019-09-11 17:07:14 +0800
Processing by GrapeSwaggerRails::ApplicationController#index as HTML
  Rendering /home/w/.rvm/gems/ruby-2.3.0/gems/grape-swagger-rails-0.3.1/app/views/grape_swagger_rails/application/index.html.erb
  Rendered /home/w/.rvm/gems/ruby-2.3.0/gems/grape-swagger-rails-0.3.1/app/views/grape_swagger_rails/application/index.html.erb (7.3ms)
Completed 200 OK in 14ms (Views: 10.9ms | ActiveRecord: 0.0ms)


Started GET "/api/swagger_doc" for 127.0.0.1 at 2019-09-11 17:07:14 +0800
Started GET "/api/test?resource=zhihu" for 127.0.0.1 at 2019-09-11 17:07:21 +0800
  
ArgumentError (wrong number of arguments (given 0, expected 1)):
  
app/api/ping.rb:7:in `block in <class:Ping>'
Started GET "/apidoc" for 127.0.0.1 at 2019-09-11 17:10:47 +0800
  
LoadError (Unable to autoload constant TestHelpers, expected /home/w/project/muban/app/api/test_helpers.rb to define it):
  
app/api/test.rb:5:in `<class:Test>'
app/api/test.rb:3:in `<top (required)>'
config/routes.rb:14:in `block in <top (required)>'
config/routes.rb:1:in `<top (required)>'
Started GET "/apidoc" for 127.0.0.1 at 2019-09-11 17:11:01 +0800
Processing by GrapeSwaggerRails::ApplicationController#index as HTML
  Rendering /home/w/.rvm/gems/ruby-2.3.0/gems/grape-swagger-rails-0.3.1/app/views/grape_swagger_rails/application/index.html.erb
  Rendered /home/w/.rvm/gems/ruby-2.3.0/gems/grape-swagger-rails-0.3.1/app/views/grape_swagger_rails/application/index.html.erb (6.5ms)
Completed 200 OK in 13ms (Views: 9.9ms | ActiveRecord: 0.0ms)


Started GET "/api/swagger_doc" for 127.0.0.1 at 2019-09-11 17:11:02 +0800
Started GET "/api/test?resource=zhihu" for 127.0.0.1 at 2019-09-11 17:11:06 +0800
  [1m[36mNew Load (0.7ms)[0m  [1m[34mSELECT  `news`.* FROM `news` WHERE `news`.`resource` = 'zhihu' ORDER BY id desc LIMIT 5[0m
Started GET "/api/test?resource=zhihu" for 127.0.0.1 at 2019-09-11 17:11:36 +0800
  [1m[36mNew Load (0.4ms)[0m  [1m[34mSELECT  `news`.* FROM `news` WHERE `news`.`resource` = 'zhihu' ORDER BY id desc LIMIT 5[0m
Started GET "/api/test?resource=zhihu" for 127.0.0.1 at 2019-09-11 17:22:31 +0800
  [1m[36mNew Load (0.4ms)[0m  [1m[34mSELECT  `news`.* FROM `news` WHERE `news`.`resource` = 'zhihu' ORDER BY id desc LIMIT 5[0m
Started GET "/api/test?resource=zhihu" for 127.0.0.1 at 2019-09-11 17:22:32 +0800
  [1m[36mNew Load (0.6ms)[0m  [1m[34mSELECT  `news`.* FROM `news` WHERE `news`.`resource` = 'zhihu' ORDER BY id desc LIMIT 5[0m
Started GET "/api/test?resource=zhihu" for 127.0.0.1 at 2019-09-11 17:22:32 +0800
  [1m[36mNew Load (0.3ms)[0m  [1m[34mSELECT  `news`.* FROM `news` WHERE `news`.`resource` = 'zhihu' ORDER BY id desc LIMIT 5[0m
Started GET "/api/test?resource=zhihu" for 127.0.0.1 at 2019-09-11 17:22:32 +0800
  [1m[36mNew Load (0.4ms)[0m  [1m[34mSELECT  `news`.* FROM `news` WHERE `news`.`resource` = 'zhihu' ORDER BY id desc LIMIT 5[0m
Started GET "/api/test?resource=zhihu" for 127.0.0.1 at 2019-09-11 17:22:32 +0800
  [1m[36mNew Load (0.4ms)[0m  [1m[34mSELECT  `news`.* FROM `news` WHERE `news`.`resource` = 'zhihu' ORDER BY id desc LIMIT 5[0m
Started GET "/api/test?resource=weibo" for 127.0.0.1 at 2019-09-11 17:22:38 +0800
  [1m[36mNew Load (0.8ms)[0m  [1m[34mSELECT  `news`.* FROM `news` WHERE `news`.`resource` = 'weibo' ORDER BY id desc LIMIT 5[0m
  [1m[35m (0.3ms)[0m  [1m[35mSET NAMES utf8,  @@SESSION.sql_mode = CONCAT(CONCAT(@@sql_mode, ',STRICT_ALL_TABLES'), ',NO_AUTO_VALUE_ON_ZERO'),  @@SESSION.sql_auto_is_null = 0, @@SESSION.wait_timeout = 2147483[0m
  [1m[35m (0.1ms)[0m  [1m[34mSELECT GET_LOCK('3370677458321606580', 0)[0m
  [1m[35m (0.2ms)[0m  [1m[34mSELECT `schema_migrations`.`version` FROM `schema_migrations` ORDER BY `schema_migrations`.`version` ASC[0m
Migrating to CreateUserKeys (20190911093221)
  [1m[35m (56.5ms)[0m  [1m[35mCREATE TABLE `user_keys` (`id` bigint NOT NULL AUTO_INCREMENT PRIMARY KEY, `user_id` int, `access_token` varchar(255), `expires_at` datetime, `ip` varchar(255), `created_at` datetime NOT NULL, `updated_at` datetime NOT NULL) ENGINE=InnoDB[0m
  [1m[35m (0.3ms)[0m  [1m[35mBEGIN[0m
  [1m[35mSQL (2.7ms)[0m  [1m[32mINSERT INTO `schema_migrations` (`version`) VALUES ('20190911093221')[0m
  [1m[35m (1.1ms)[0m  [1m[35mCOMMIT[0m
  [1m[36mActiveRecord::InternalMetadata Load (0.4ms)[0m  [1m[34mSELECT  `ar_internal_metadata`.* FROM `ar_internal_metadata` WHERE `ar_internal_metadata`.`key` = 'environment' LIMIT 1[0m
  [1m[35m (0.2ms)[0m  [1m[35mBEGIN[0m
  [1m[35m (0.2ms)[0m  [1m[35mCOMMIT[0m
  [1m[35m (0.2ms)[0m  [1m[34mSELECT RELEASE_LOCK('3370677458321606580')[0m
  [1m[35m (0.4ms)[0m  [1m[34mSELECT `schema_migrations`.`version` FROM `schema_migrations` ORDER BY `schema_migrations`.`version` ASC[0m
  [1m[35m (0.4ms)[0m  [1m[35mSET NAMES utf8,  @@SESSION.sql_mode = CONCAT(CONCAT(@@sql_mode, ',STRICT_ALL_TABLES'), ',NO_AUTO_VALUE_ON_ZERO'),  @@SESSION.sql_auto_is_null = 0, @@SESSION.wait_timeout = 2147483[0m
  [1m[36mUser Load (0.5ms)[0m  [1m[34mSELECT  `users`.* FROM `users` ORDER BY `users`.`id` DESC LIMIT 1[0m
  [1m[36mUser Load (0.4ms)[0m  [1m[34mSELECT  `users`.* FROM `users` ORDER BY `users`.`id` DESC LIMIT 1[0m
  [1m[35m (0.1ms)[0m  [1m[35mBEGIN[0m
  [1m[36mUser Exists (0.5ms)[0m  [1m[34mSELECT  1 AS one FROM `users` WHERE `users`.`email` = 'wangxinyun0805@163.com' AND (`users`.`id` != 102) LIMIT 1[0m
  [1m[35mSQL (1.6ms)[0m  [1m[33mUPDATE `users` SET `name` = 'wang', `password_digest` = '$2a$10$Yw949AqXmOWEOQJGr1dZ8eZQPk8HQCjhchI5KWAX3AIYktPPwYLbi', `updated_at` = '2019-09-11 09:35:14' WHERE `users`.`id` = 102[0m
  [1m[35m (1.4ms)[0m  [1m[35mCOMMIT[0m
Started GET "/apidoc" for 127.0.0.1 at 2019-09-11 17:35:18 +0800
  [1m[35m (0.4ms)[0m  [1m[35mSET NAMES utf8,  @@SESSION.sql_mode = CONCAT(CONCAT(@@sql_mode, ',STRICT_ALL_TABLES'), ',NO_AUTO_VALUE_ON_ZERO'),  @@SESSION.sql_auto_is_null = 0, @@SESSION.wait_timeout = 2147483[0m
  [1m[35m (0.4ms)[0m  [1m[34mSELECT `schema_migrations`.`version` FROM `schema_migrations` ORDER BY `schema_migrations`.`version` ASC[0m
Processing by GrapeSwaggerRails::ApplicationController#index as HTML
  Rendering /home/w/.rvm/gems/ruby-2.3.0/gems/grape-swagger-rails-0.3.1/app/views/grape_swagger_rails/application/index.html.erb
  Rendered /home/w/.rvm/gems/ruby-2.3.0/gems/grape-swagger-rails-0.3.1/app/views/grape_swagger_rails/application/index.html.erb (332.9ms)
Completed 200 OK in 347ms (Views: 339.0ms | ActiveRecord: 0.0ms)


Started GET "/api/swagger_doc" for 127.0.0.1 at 2019-09-11 17:35:19 +0800
Started POST "/api/auth/access_token" for 127.0.0.1 at 2019-09-11 17:35:32 +0800
  
NoMethodError (undefined method `find_for_database_authentication' for #<Class:0x000000058d3628>):
  
app/api/test_helpers.rb:6:in `current_user'
app/api/test_helpers.rb:13:in `authenticate!'
app/api/auth.rb:9:in `block (2 levels) in <class:Auth>'
Started POST "/api/auth/access_token" for 127.0.0.1 at 2019-09-11 17:37:49 +0800
  [1m[35m (1.3ms)[0m  [1m[35mSET NAMES utf8,  @@SESSION.sql_mode = CONCAT(CONCAT(@@sql_mode, ',STRICT_ALL_TABLES'), ',NO_AUTO_VALUE_ON_ZERO'),  @@SESSION.sql_auto_is_null = 0, @@SESSION.wait_timeout = 2147483[0m
  [1m[35m (0.3ms)[0m  [1m[34mSELECT `schema_migrations`.`version` FROM `schema_migrations` ORDER BY `schema_migrations`.`version` ASC[0m
  [1m[36mUser Load (0.6ms)[0m  [1m[34mSELECT  `users`.* FROM `users` WHERE `users`.`name` = 'wang' LIMIT 1[0m
  
NoMethodError (undefined method `valid_password?' for #<User:0x00000005f30d68>):
  
app/api/test_helpers.rb:8:in `current_user'
app/api/test_helpers.rb:13:in `authenticate!'
app/api/auth.rb:9:in `block (2 levels) in <class:Auth>'
Started POST "/api/auth/access_token" for 127.0.0.1 at 2019-09-11 17:38:22 +0800
  [1m[36mUser Load (0.4ms)[0m  [1m[34mSELECT  `users`.* FROM `users` WHERE `users`.`name` = 'wang' LIMIT 1[0m
Started POST "/api/auth/access_token" for 127.0.0.1 at 2019-09-11 17:40:16 +0800
  [1m[35m (0.3ms)[0m  [1m[35mSET NAMES utf8,  @@SESSION.sql_mode = CONCAT(CONCAT(@@sql_mode, ',STRICT_ALL_TABLES'), ',NO_AUTO_VALUE_ON_ZERO'),  @@SESSION.sql_auto_is_null = 0, @@SESSION.wait_timeout = 2147483[0m
  [1m[35m (1.2ms)[0m  [1m[34mSELECT `schema_migrations`.`version` FROM `schema_migrations` ORDER BY `schema_migrations`.`version` ASC[0m
  [1m[36mUser Load (0.5ms)[0m  [1m[34mSELECT  `users`.* FROM `users` WHERE `users`.`name` = 'wang' LIMIT 1[0m
Started POST "/api/auth/access_token" for 127.0.0.1 at 2019-09-11 17:42:58 +0800
  [1m[35m (0.4ms)[0m  [1m[35mSET NAMES utf8,  @@SESSION.sql_mode = CONCAT(CONCAT(@@sql_mode, ',STRICT_ALL_TABLES'), ',NO_AUTO_VALUE_ON_ZERO'),  @@SESSION.sql_auto_is_null = 0, @@SESSION.wait_timeout = 2147483[0m
  [1m[35m (0.5ms)[0m  [1m[34mSELECT `schema_migrations`.`version` FROM `schema_migrations` ORDER BY `schema_migrations`.`version` ASC[0m
  [1m[36mUser Load (0.7ms)[0m  [1m[34mSELECT  `users`.* FROM `users` WHERE `users`.`name` = 'wang' LIMIT 1[0m
Started POST "/api/auth/access_token" for 127.0.0.1 at 2019-09-11 17:45:50 +0800
  [1m[35m (0.3ms)[0m  [1m[35mSET NAMES utf8,  @@SESSION.sql_mode = CONCAT(CONCAT(@@sql_mode, ',STRICT_ALL_TABLES'), ',NO_AUTO_VALUE_ON_ZERO'),  @@SESSION.sql_auto_is_null = 0, @@SESSION.wait_timeout = 2147483[0m
  [1m[35m (0.6ms)[0m  [1m[34mSELECT `schema_migrations`.`version` FROM `schema_migrations` ORDER BY `schema_migrations`.`version` ASC[0m
  [1m[36mUser Load (0.5ms)[0m  [1m[34mSELECT  `users`.* FROM `users` WHERE `users`.`name` = 'wang' LIMIT 1[0m
  [1m[35m (0.2ms)[0m  [1m[35mBEGIN[0m
  [1m[36mUser Load (0.4ms)[0m  [1m[34mSELECT  `users`.* FROM `users` WHERE `users`.`id` = 102 LIMIT 1[0m
  [1m[36mUserKey Exists (0.3ms)[0m  [1m[34mSELECT  1 AS one FROM `user_keys` WHERE `user_keys`.`access_token` = '406c66305ccd2093b7b9e14ab42d72f0' LIMIT 1[0m
  [1m[35mSQL (0.3ms)[0m  [1m[32mINSERT INTO `user_keys` (`user_id`, `access_token`, `expires_at`, `created_at`, `updated_at`) VALUES (102, '406c66305ccd2093b7b9e14ab42d72f0', '2019-09-12 09:45:50', '2019-09-11 09:45:50', '2019-09-11 09:45:50')[0m
  [1m[35m (1.8ms)[0m  [1m[35mCOMMIT[0m
Started POST "/api/auth/access_token" for 127.0.0.1 at 2019-09-11 17:45:53 +0800
  [1m[36mUser Load (0.5ms)[0m  [1m[34mSELECT  `users`.* FROM `users` WHERE `users`.`name` = 'wang' LIMIT 1[0m
  [1m[35m (0.2ms)[0m  [1m[35mBEGIN[0m
  [1m[36mUser Load (0.4ms)[0m  [1m[34mSELECT  `users`.* FROM `users` WHERE `users`.`id` = 102 LIMIT 1[0m
  [1m[36mUserKey Exists (0.6ms)[0m  [1m[34mSELECT  1 AS one FROM `user_keys` WHERE `user_keys`.`access_token` = '04f33dc2bad8f2a528ed58a3634492df' LIMIT 1[0m
  [1m[35mSQL (0.6ms)[0m  [1m[32mINSERT INTO `user_keys` (`user_id`, `access_token`, `expires_at`, `created_at`, `updated_at`) VALUES (102, '04f33dc2bad8f2a528ed58a3634492df', '2019-09-12 09:45:53', '2019-09-11 09:45:53', '2019-09-11 09:45:53')[0m
  [1m[35m (8.2ms)[0m  [1m[35mCOMMIT[0m
Started POST "/api/auth/access_token" for 127.0.0.1 at 2019-09-11 17:45:54 +0800
  [1m[36mUser Load (0.4ms)[0m  [1m[34mSELECT  `users`.* FROM `users` WHERE `users`.`name` = 'wang' LIMIT 1[0m
  [1m[35m (0.2ms)[0m  [1m[35mBEGIN[0m
  [1m[36mUser Load (0.4ms)[0m  [1m[34mSELECT  `users`.* FROM `users` WHERE `users`.`id` = 102 LIMIT 1[0m
  [1m[36mUserKey Exists (0.4ms)[0m  [1m[34mSELECT  1 AS one FROM `user_keys` WHERE `user_keys`.`access_token` = 'f44e426086b53fb7bf16aa7304488546' LIMIT 1[0m
  [1m[35mSQL (0.3ms)[0m  [1m[32mINSERT INTO `user_keys` (`user_id`, `access_token`, `expires_at`, `created_at`, `updated_at`) VALUES (102, 'f44e426086b53fb7bf16aa7304488546', '2019-09-12 09:45:54', '2019-09-11 09:45:54', '2019-09-11 09:45:54')[0m
  [1m[35m (1.6ms)[0m  [1m[35mCOMMIT[0m
Started POST "/api/auth/access_token" for 127.0.0.1 at 2019-09-11 17:45:54 +0800
  [1m[36mUser Load (0.5ms)[0m  [1m[34mSELECT  `users`.* FROM `users` WHERE `users`.`name` = 'wang' LIMIT 1[0m
  [1m[35m (0.2ms)[0m  [1m[35mBEGIN[0m
  [1m[36mUser Load (0.3ms)[0m  [1m[34mSELECT  `users`.* FROM `users` WHERE `users`.`id` = 102 LIMIT 1[0m
  [1m[36mUserKey Exists (0.3ms)[0m  [1m[34mSELECT  1 AS one FROM `user_keys` WHERE `user_keys`.`access_token` = '8032b4c42f02e66b80acfe1234908208' LIMIT 1[0m
  [1m[35mSQL (0.3ms)[0m  [1m[32mINSERT INTO `user_keys` (`user_id`, `access_token`, `expires_at`, `created_at`, `updated_at`) VALUES (102, '8032b4c42f02e66b80acfe1234908208', '2019-09-12 09:45:54', '2019-09-11 09:45:54', '2019-09-11 09:45:54')[0m
  [1m[35m (1.6ms)[0m  [1m[35mCOMMIT[0m
Started POST "/api/auth/access_token" for 127.0.0.1 at 2019-09-11 17:45:55 +0800
  [1m[36mUser Load (0.5ms)[0m  [1m[34mSELECT  `users`.* FROM `users` WHERE `users`.`name` = 'wang' LIMIT 1[0m
  [1m[35m (0.2ms)[0m  [1m[35mBEGIN[0m
  [1m[36mUser Load (0.4ms)[0m  [1m[34mSELECT  `users`.* FROM `users` WHERE `users`.`id` = 102 LIMIT 1[0m
  [1m[36mUserKey Exists (0.5ms)[0m  [1m[34mSELECT  1 AS one FROM `user_keys` WHERE `user_keys`.`access_token` = 'cdabaeac8861a798d07aaef4660b159d' LIMIT 1[0m
  [1m[35mSQL (0.4ms)[0m  [1m[32mINSERT INTO `user_keys` (`user_id`, `access_token`, `expires_at`, `created_at`, `updated_at`) VALUES (102, 'cdabaeac8861a798d07aaef4660b159d', '2019-09-12 09:45:55', '2019-09-11 09:45:55', '2019-09-11 09:45:55')[0m
  [1m[35m (1.4ms)[0m  [1m[35mCOMMIT[0m
Started POST "/api/auth/access_token" for 127.0.0.1 at 2019-09-11 17:45:55 +0800
  [1m[36mUser Load (0.6ms)[0m  [1m[34mSELECT  `users`.* FROM `users` WHERE `users`.`name` = 'wang' LIMIT 1[0m
  [1m[35m (0.2ms)[0m  [1m[35mBEGIN[0m
  [1m[36mUser Load (0.7ms)[0m  [1m[34mSELECT  `users`.* FROM `users` WHERE `users`.`id` = 102 LIMIT 1[0m
  [1m[36mUserKey Exists (0.3ms)[0m  [1m[34mSELECT  1 AS one FROM `user_keys` WHERE `user_keys`.`access_token` = '8e7588de8e6419dd439b05c5aa4aab06' LIMIT 1[0m
  [1m[35mSQL (0.3ms)[0m  [1m[32mINSERT INTO `user_keys` (`user_id`, `access_token`, `expires_at`, `created_at`, `updated_at`) VALUES (102, '8e7588de8e6419dd439b05c5aa4aab06', '2019-09-12 09:45:56', '2019-09-11 09:45:56', '2019-09-11 09:45:56')[0m
  [1m[35m (1.5ms)[0m  [1m[35mCOMMIT[0m
Started POST "/api/auth/access_token" for 127.0.0.1 at 2019-09-11 17:45:56 +0800
  [1m[36mUser Load (0.8ms)[0m  [1m[34mSELECT  `users`.* FROM `users` WHERE `users`.`name` = 'wang' LIMIT 1[0m
  [1m[35m (0.2ms)[0m  [1m[35mBEGIN[0m
  [1m[36mUser Load (0.5ms)[0m  [1m[34mSELECT  `users`.* FROM `users` WHERE `users`.`id` = 102 LIMIT 1[0m
  [1m[36mUserKey Exists (0.4ms)[0m  [1m[34mSELECT  1 AS one FROM `user_keys` WHERE `user_keys`.`access_token` = '7e1d8aeb8373af05550d78974133b370' LIMIT 1[0m
  [1m[35mSQL (0.4ms)[0m  [1m[32mINSERT INTO `user_keys` (`user_id`, `access_token`, `expires_at`, `created_at`, `updated_at`) VALUES (102, '7e1d8aeb8373af05550d78974133b370', '2019-09-12 09:45:56', '2019-09-11 09:45:56', '2019-09-11 09:45:56')[0m
  [1m[35m (1.7ms)[0m  [1m[35mCOMMIT[0m
Started POST "/api/auth/access_token" for 127.0.0.1 at 2019-09-11 17:45:57 +0800
  [1m[36mUser Load (0.6ms)[0m  [1m[34mSELECT  `users`.* FROM `users` WHERE `users`.`name` = 'wang' LIMIT 1[0m
  [1m[35m (0.2ms)[0m  [1m[35mBEGIN[0m
  [1m[36mUser Load (0.4ms)[0m  [1m[34mSELECT  `users`.* FROM `users` WHERE `users`.`id` = 102 LIMIT 1[0m
  [1m[36mUserKey Exists (0.4ms)[0m  [1m[34mSELECT  1 AS one FROM `user_keys` WHERE `user_keys`.`access_token` = 'ef71189576697aeb000e3715a7b1865b' LIMIT 1[0m
  [1m[35mSQL (0.6ms)[0m  [1m[32mINSERT INTO `user_keys` (`user_id`, `access_token`, `expires_at`, `created_at`, `updated_at`) VALUES (102, 'ef71189576697aeb000e3715a7b1865b', '2019-09-12 09:45:57', '2019-09-11 09:45:57', '2019-09-11 09:45:57')[0m
  [1m[35m (1.7ms)[0m  [1m[35mCOMMIT[0m
Started POST "/api/auth/access_token" for 127.0.0.1 at 2019-09-11 17:45:57 +0800
  [1m[36mUser Load (0.5ms)[0m  [1m[34mSELECT  `users`.* FROM `users` WHERE `users`.`name` = 'wang' LIMIT 1[0m
  [1m[35m (0.2ms)[0m  [1m[35mBEGIN[0m
  [1m[36mUser Load (0.7ms)[0m  [1m[34mSELECT  `users`.* FROM `users` WHERE `users`.`id` = 102 LIMIT 1[0m
  [1m[36mUserKey Exists (1.7ms)[0m  [1m[34mSELECT  1 AS one FROM `user_keys` WHERE `user_keys`.`access_token` = 'de92e464dfc074132ea10f3dfe87238a' LIMIT 1[0m
  [1m[35mSQL (0.3ms)[0m  [1m[32mINSERT INTO `user_keys` (`user_id`, `access_token`, `expires_at`, `created_at`, `updated_at`) VALUES (102, 'de92e464dfc074132ea10f3dfe87238a', '2019-09-12 09:45:57', '2019-09-11 09:45:57', '2019-09-11 09:45:57')[0m
  [1m[35m (1.9ms)[0m  [1m[35mCOMMIT[0m
Started POST "/api/auth/access_token" for 127.0.0.1 at 2019-09-11 17:45:57 +0800
  [1m[36mUser Load (0.4ms)[0m  [1m[34mSELECT  `users`.* FROM `users` WHERE `users`.`name` = 'wang' LIMIT 1[0m
  [1m[35m (0.3ms)[0m  [1m[35mBEGIN[0m
  [1m[36mUser Load (0.5ms)[0m  [1m[34mSELECT  `users`.* FROM `users` WHERE `users`.`id` = 102 LIMIT 1[0m
  [1m[36mUserKey Exists (0.4ms)[0m  [1m[34mSELECT  1 AS one FROM `user_keys` WHERE `user_keys`.`access_token` = 'ac11cd97159269737b9c784f8fd46a52' LIMIT 1[0m
  [1m[35mSQL (0.4ms)[0m  [1m[32mINSERT INTO `user_keys` (`user_id`, `access_token`, `expires_at`, `created_at`, `updated_at`) VALUES (102, 'ac11cd97159269737b9c784f8fd46a52', '2019-09-12 09:45:57', '2019-09-11 09:45:57', '2019-09-11 09:45:57')[0m
  [1m[35m (1.1ms)[0m  [1m[35mCOMMIT[0m
Started POST "/api/auth/access_token" for 127.0.0.1 at 2019-09-11 17:45:57 +0800
  [1m[36mUser Load (0.6ms)[0m  [1m[34mSELECT  `users`.* FROM `users` WHERE `users`.`name` = 'wang' LIMIT 1[0m
  [1m[35m (0.3ms)[0m  [1m[35mBEGIN[0m
  [1m[36mUser Load (0.5ms)[0m  [1m[34mSELECT  `users`.* FROM `users` WHERE `users`.`id` = 102 LIMIT 1[0m
  [1m[36mUserKey Exists (0.5ms)[0m  [1m[34mSELECT  1 AS one FROM `user_keys` WHERE `user_keys`.`access_token` = '433876da3ccf15009ca0b8909af7e088' LIMIT 1[0m
  [1m[35mSQL (0.4ms)[0m  [1m[32mINSERT INTO `user_keys` (`user_id`, `access_token`, `expires_at`, `created_at`, `updated_at`) VALUES (102, '433876da3ccf15009ca0b8909af7e088', '2019-09-12 09:45:57', '2019-09-11 09:45:57', '2019-09-11 09:45:57')[0m
  [1m[35m (1.3ms)[0m  [1m[35mCOMMIT[0m
Started POST "/api/auth/access_token" for 127.0.0.1 at 2019-09-11 17:45:57 +0800
  [1m[36mUser Load (0.6ms)[0m  [1m[34mSELECT  `users`.* FROM `users` WHERE `users`.`name` = 'wang' LIMIT 1[0m
  [1m[35m (0.2ms)[0m  [1m[35mBEGIN[0m
  [1m[36mUser Load (0.4ms)[0m  [1m[34mSELECT  `users`.* FROM `users` WHERE `users`.`id` = 102 LIMIT 1[0m
  [1m[36mUserKey Exists (0.5ms)[0m  [1m[34mSELECT  1 AS one FROM `user_keys` WHERE `user_keys`.`access_token` = '4a12d251f05e7acaef8dba199cc5cfae' LIMIT 1[0m
  [1m[35mSQL (0.3ms)[0m  [1m[32mINSERT INTO `user_keys` (`user_id`, `access_token`, `expires_at`, `created_at`, `updated_at`) VALUES (102, '4a12d251f05e7acaef8dba199cc5cfae', '2019-09-12 09:45:58', '2019-09-11 09:45:58', '2019-09-11 09:45:58')[0m
  [1m[35m (1.5ms)[0m  [1m[35mCOMMIT[0m
Started POST "/api/auth/access_token" for 127.0.0.1 at 2019-09-11 17:45:58 +0800
  [1m[36mUser Load (0.6ms)[0m  [1m[34mSELECT  `users`.* FROM `users` WHERE `users`.`name` = 'wang' LIMIT 1[0m
  [1m[35m (0.3ms)[0m  [1m[35mBEGIN[0m
  [1m[36mUser Load (0.5ms)[0m  [1m[34mSELECT  `users`.* FROM `users` WHERE `users`.`id` = 102 LIMIT 1[0m
  [1m[36mUserKey Exists (0.4ms)[0m  [1m[34mSELECT  1 AS one FROM `user_keys` WHERE `user_keys`.`access_token` = 'ef44fca22a8146ebd546afa3fd7c6987' LIMIT 1[0m
  [1m[35mSQL (0.4ms)[0m  [1m[32mINSERT INTO `user_keys` (`user_id`, `access_token`, `expires_at`, `created_at`, `updated_at`) VALUES (102, 'ef44fca22a8146ebd546afa3fd7c6987', '2019-09-12 09:45:58', '2019-09-11 09:45:58', '2019-09-11 09:45:58')[0m
  [1m[35m (1.3ms)[0m  [1m[35mCOMMIT[0m
Started POST "/api/auth/access_token" for 127.0.0.1 at 2019-09-11 17:45:58 +0800
  [1m[36mUser Load (0.6ms)[0m  [1m[34mSELECT  `users`.* FROM `users` WHERE `users`.`name` = 'wang' LIMIT 1[0m
  [1m[35m (0.2ms)[0m  [1m[35mBEGIN[0m
  [1m[36mUser Load (0.5ms)[0m  [1m[34mSELECT  `users`.* FROM `users` WHERE `users`.`id` = 102 LIMIT 1[0m
  [1m[36mUserKey Exists (0.4ms)[0m  [1m[34mSELECT  1 AS one FROM `user_keys` WHERE `user_keys`.`access_token` = 'f5fb8ec00752dd4bea1c9cb586a716ce' LIMIT 1[0m
  [1m[35mSQL (0.3ms)[0m  [1m[32mINSERT INTO `user_keys` (`user_id`, `access_token`, `expires_at`, `created_at`, `updated_at`) VALUES (102, 'f5fb8ec00752dd4bea1c9cb586a716ce', '2019-09-12 09:45:58', '2019-09-11 09:45:58', '2019-09-11 09:45:58')[0m
  [1m[35m (1.6ms)[0m  [1m[35mCOMMIT[0m
Started POST "/api/auth/access_token" for 127.0.0.1 at 2019-09-11 17:45:58 +0800
  [1m[36mUser Load (0.4ms)[0m  [1m[34mSELECT  `users`.* FROM `users` WHERE `users`.`name` = 'wang' LIMIT 1[0m
  [1m[35m (0.2ms)[0m  [1m[35mBEGIN[0m
  [1m[36mUser Load (0.4ms)[0m  [1m[34mSELECT  `users`.* FROM `users` WHERE `users`.`id` = 102 LIMIT 1[0m
  [1m[36mUserKey Exists (0.4ms)[0m  [1m[34mSELECT  1 AS one FROM `user_keys` WHERE `user_keys`.`access_token` = '12b9620fdc831930055352cc13c83174' LIMIT 1[0m
  [1m[35mSQL (0.3ms)[0m  [1m[32mINSERT INTO `user_keys` (`user_id`, `access_token`, `expires_at`, `created_at`, `updated_at`) VALUES (102, '12b9620fdc831930055352cc13c83174', '2019-09-12 09:45:58', '2019-09-11 09:45:58', '2019-09-11 09:45:58')[0m
  [1m[35m (1.4ms)[0m  [1m[35mCOMMIT[0m
Started POST "/api/auth/access_token" for 127.0.0.1 at 2019-09-11 17:45:58 +0800
  [1m[36mUser Load (0.4ms)[0m  [1m[34mSELECT  `users`.* FROM `users` WHERE `users`.`name` = 'wang' LIMIT 1[0m
  [1m[35m (0.2ms)[0m  [1m[35mBEGIN[0m
  [1m[36mUser Load (0.3ms)[0m  [1m[34mSELECT  `users`.* FROM `users` WHERE `users`.`id` = 102 LIMIT 1[0m
  [1m[36mUserKey Exists (0.4ms)[0m  [1m[34mSELECT  1 AS one FROM `user_keys` WHERE `user_keys`.`access_token` = '85bc7fc284aa613c291f99b59f74dd05' LIMIT 1[0m
  [1m[35mSQL (0.3ms)[0m  [1m[32mINSERT INTO `user_keys` (`user_id`, `access_token`, `expires_at`, `created_at`, `updated_at`) VALUES (102, '85bc7fc284aa613c291f99b59f74dd05', '2019-09-12 09:45:58', '2019-09-11 09:45:58', '2019-09-11 09:45:58')[0m
  [1m[35m (1.1ms)[0m  [1m[35mCOMMIT[0m
Started POST "/api/auth/access_token" for 127.0.0.1 at 2019-09-11 17:45:58 +0800
  [1m[36mUser Load (0.6ms)[0m  [1m[34mSELECT  `users`.* FROM `users` WHERE `users`.`name` = 'wang' LIMIT 1[0m
  [1m[35m (0.2ms)[0m  [1m[35mBEGIN[0m
  [1m[36mUser Load (0.4ms)[0m  [1m[34mSELECT  `users`.* FROM `users` WHERE `users`.`id` = 102 LIMIT 1[0m
  [1m[36mUserKey Exists (0.4ms)[0m  [1m[34mSELECT  1 AS one FROM `user_keys` WHERE `user_keys`.`access_token` = '3275c0a66a789c794b6ee52f2001b564' LIMIT 1[0m
  [1m[35mSQL (0.3ms)[0m  [1m[32mINSERT INTO `user_keys` (`user_id`, `access_token`, `expires_at`, `created_at`, `updated_at`) VALUES (102, '3275c0a66a789c794b6ee52f2001b564', '2019-09-12 09:45:58', '2019-09-11 09:45:58', '2019-09-11 09:45:58')[0m
  [1m[35m (1.2ms)[0m  [1m[35mCOMMIT[0m
Started POST "/api/auth/access_token" for 127.0.0.1 at 2019-09-11 17:45:59 +0800
  [1m[36mUser Load (0.4ms)[0m  [1m[34mSELECT  `users`.* FROM `users` WHERE `users`.`name` = 'wang' LIMIT 1[0m
  [1m[35m (0.2ms)[0m  [1m[35mBEGIN[0m
  [1m[36mUser Load (0.4ms)[0m  [1m[34mSELECT  `users`.* FROM `users` WHERE `users`.`id` = 102 LIMIT 1[0m
  [1m[36mUserKey Exists (0.4ms)[0m  [1m[34mSELECT  1 AS one FROM `user_keys` WHERE `user_keys`.`access_token` = '5d2af3473bf498ecbca52340d712b516' LIMIT 1[0m
  [1m[35mSQL (0.3ms)[0m  [1m[32mINSERT INTO `user_keys` (`user_id`, `access_token`, `expires_at`, `created_at`, `updated_at`) VALUES (102, '5d2af3473bf498ecbca52340d712b516', '2019-09-12 09:45:59', '2019-09-11 09:45:59', '2019-09-11 09:45:59')[0m
  [1m[35m (2.0ms)[0m  [1m[35mCOMMIT[0m
Started POST "/api/auth/access_token" for 127.0.0.1 at 2019-09-11 17:45:59 +0800
  [1m[36mUser Load (0.4ms)[0m  [1m[34mSELECT  `users`.* FROM `users` WHERE `users`.`name` = 'wang' LIMIT 1[0m
  [1m[35m (0.2ms)[0m  [1m[35mBEGIN[0m
  [1m[36mUser Load (0.6ms)[0m  [1m[34mSELECT  `users`.* FROM `users` WHERE `users`.`id` = 102 LIMIT 1[0m
  [1m[36mUserKey Exists (0.4ms)[0m  [1m[34mSELECT  1 AS one FROM `user_keys` WHERE `user_keys`.`access_token` = 'c7310a976597a0ac3e4b56ddb869e8cc' LIMIT 1[0m
  [1m[35mSQL (0.5ms)[0m  [1m[32mINSERT INTO `user_keys` (`user_id`, `access_token`, `expires_at`, `created_at`, `updated_at`) VALUES (102, 'c7310a976597a0ac3e4b56ddb869e8cc', '2019-09-12 09:45:59', '2019-09-11 09:45:59', '2019-09-11 09:45:59')[0m
  [1m[35m (1.3ms)[0m  [1m[35mCOMMIT[0m
Started POST "/api/auth/access_token" for 127.0.0.1 at 2019-09-11 17:45:59 +0800
  [1m[36mUser Load (0.4ms)[0m  [1m[34mSELECT  `users`.* FROM `users` WHERE `users`.`name` = 'wang' LIMIT 1[0m
  [1m[35m (0.2ms)[0m  [1m[35mBEGIN[0m
  [1m[36mUser Load (0.4ms)[0m  [1m[34mSELECT  `users`.* FROM `users` WHERE `users`.`id` = 102 LIMIT 1[0m
  [1m[36mUserKey Exists (0.4ms)[0m  [1m[34mSELECT  1 AS one FROM `user_keys` WHERE `user_keys`.`access_token` = 'a1f4eab73ec0d77c6f27d07f4cc4459b' LIMIT 1[0m
  [1m[35mSQL (0.4ms)[0m  [1m[32mINSERT INTO `user_keys` (`user_id`, `access_token`, `expires_at`, `created_at`, `updated_at`) VALUES (102, 'a1f4eab73ec0d77c6f27d07f4cc4459b', '2019-09-12 09:45:59', '2019-09-11 09:45:59', '2019-09-11 09:45:59')[0m
  [1m[35m (1.6ms)[0m  [1m[35mCOMMIT[0m
Started POST "/api/auth/access_token" for 127.0.0.1 at 2019-09-11 17:45:59 +0800
  [1m[36mUser Load (0.7ms)[0m  [1m[34mSELECT  `users`.* FROM `users` WHERE `users`.`name` = 'wang' LIMIT 1[0m
  [1m[35m (0.3ms)[0m  [1m[35mBEGIN[0m
  [1m[36mUser Load (0.4ms)[0m  [1m[34mSELECT  `users`.* FROM `users` WHERE `users`.`id` = 102 LIMIT 1[0m
  [1m[36mUserKey Exists (0.4ms)[0m  [1m[34mSELECT  1 AS one FROM `user_keys` WHERE `user_keys`.`access_token` = 'f99fb3b6eb4e55e1ee8dffb83a591223' LIMIT 1[0m
  [1m[35mSQL (0.3ms)[0m  [1m[32mINSERT INTO `user_keys` (`user_id`, `access_token`, `expires_at`, `created_at`, `updated_at`) VALUES (102, 'f99fb3b6eb4e55e1ee8dffb83a591223', '2019-09-12 09:45:59', '2019-09-11 09:45:59', '2019-09-11 09:45:59')[0m
  [1m[35m (2.1ms)[0m  [1m[35mCOMMIT[0m
Started POST "/api/auth/access_token" for 127.0.0.1 at 2019-09-11 17:45:59 +0800
  [1m[36mUser Load (0.4ms)[0m  [1m[34mSELECT  `users`.* FROM `users` WHERE `users`.`name` = 'wang' LIMIT 1[0m
  [1m[35m (0.2ms)[0m  [1m[35mBEGIN[0m
  [1m[36mUser Load (0.4ms)[0m  [1m[34mSELECT  `users`.* FROM `users` WHERE `users`.`id` = 102 LIMIT 1[0m
  [1m[36mUserKey Exists (0.7ms)[0m  [1m[34mSELECT  1 AS one FROM `user_keys` WHERE `user_keys`.`access_token` = 'b2ea1eb37bd62631213c484046378c6a' LIMIT 1[0m
  [1m[35mSQL (0.4ms)[0m  [1m[32mINSERT INTO `user_keys` (`user_id`, `access_token`, `expires_at`, `created_at`, `updated_at`) VALUES (102, 'b2ea1eb37bd62631213c484046378c6a', '2019-09-12 09:45:59', '2019-09-11 09:45:59', '2019-09-11 09:45:59')[0m
  [1m[35m (1.8ms)[0m  [1m[35mCOMMIT[0m
Started POST "/api/auth/access_token" for 127.0.0.1 at 2019-09-11 17:45:59 +0800
  [1m[36mUser Load (0.4ms)[0m  [1m[34mSELECT  `users`.* FROM `users` WHERE `users`.`name` = 'wang' LIMIT 1[0m
  [1m[35m (0.2ms)[0m  [1m[35mBEGIN[0m
  [1m[36mUser Load (0.5ms)[0m  [1m[34mSELECT  `users`.* FROM `users` WHERE `users`.`id` = 102 LIMIT 1[0m
  [1m[36mUserKey Exists (0.4ms)[0m  [1m[34mSELECT  1 AS one FROM `user_keys` WHERE `user_keys`.`access_token` = 'b8d931ea02bd0267c04f0d9c881d278d' LIMIT 1[0m
  [1m[35mSQL (0.3ms)[0m  [1m[32mINSERT INTO `user_keys` (`user_id`, `access_token`, `expires_at`, `created_at`, `updated_at`) VALUES (102, 'b8d931ea02bd0267c04f0d9c881d278d', '2019-09-12 09:46:00', '2019-09-11 09:46:00', '2019-09-11 09:46:00')[0m
  [1m[35m (2.1ms)[0m  [1m[35mCOMMIT[0m
Started POST "/api/auth/access_token" for 127.0.0.1 at 2019-09-11 17:46:00 +0800
  [1m[36mUser Load (0.4ms)[0m  [1m[34mSELECT  `users`.* FROM `users` WHERE `users`.`name` = 'wang' LIMIT 1[0m
  [1m[35m (0.2ms)[0m  [1m[35mBEGIN[0m
  [1m[36mUser Load (0.3ms)[0m  [1m[34mSELECT  `users`.* FROM `users` WHERE `users`.`id` = 102 LIMIT 1[0m
  [1m[36mUserKey Exists (0.4ms)[0m  [1m[34mSELECT  1 AS one FROM `user_keys` WHERE `user_keys`.`access_token` = '1cd313c47ab00a98de6df7e11a80fb54' LIMIT 1[0m
  [1m[35mSQL (0.6ms)[0m  [1m[32mINSERT INTO `user_keys` (`user_id`, `access_token`, `expires_at`, `created_at`, `updated_at`) VALUES (102, '1cd313c47ab00a98de6df7e11a80fb54', '2019-09-12 09:46:00', '2019-09-11 09:46:00', '2019-09-11 09:46:00')[0m
  [1m[35m (1.4ms)[0m  [1m[35mCOMMIT[0m
Started POST "/api/auth/access_token" for 127.0.0.1 at 2019-09-11 17:46:00 +0800
  [1m[36mUser Load (0.5ms)[0m  [1m[34mSELECT  `users`.* FROM `users` WHERE `users`.`name` = 'wang' LIMIT 1[0m
  [1m[35m (0.2ms)[0m  [1m[35mBEGIN[0m
  [1m[36mUser Load (0.4ms)[0m  [1m[34mSELECT  `users`.* FROM `users` WHERE `users`.`id` = 102 LIMIT 1[0m
  [1m[36mUserKey Exists (0.4ms)[0m  [1m[34mSELECT  1 AS one FROM `user_keys` WHERE `user_keys`.`access_token` = 'e05918c0e3e1697e67d91acb6175aa2f' LIMIT 1[0m
  [1m[35mSQL (0.3ms)[0m  [1m[32mINSERT INTO `user_keys` (`user_id`, `access_token`, `expires_at`, `created_at`, `updated_at`) VALUES (102, 'e05918c0e3e1697e67d91acb6175aa2f', '2019-09-12 09:46:00', '2019-09-11 09:46:00', '2019-09-11 09:46:00')[0m
  [1m[35m (1.2ms)[0m  [1m[35mCOMMIT[0m
Started POST "/api/auth/access_token" for 127.0.0.1 at 2019-09-11 17:46:00 +0800
  [1m[36mUser Load (0.5ms)[0m  [1m[34mSELECT  `users`.* FROM `users` WHERE `users`.`name` = 'wang' LIMIT 1[0m
  [1m[35m (0.2ms)[0m  [1m[35mBEGIN[0m
  [1m[36mUser Load (0.5ms)[0m  [1m[34mSELECT  `users`.* FROM `users` WHERE `users`.`id` = 102 LIMIT 1[0m
  [1m[36mUserKey Exists (0.6ms)[0m  [1m[34mSELECT  1 AS one FROM `user_keys` WHERE `user_keys`.`access_token` = '0ee65bd0c9f2d3ad920ef73cd1ad5ab4' LIMIT 1[0m
  [1m[35mSQL (0.3ms)[0m  [1m[32mINSERT INTO `user_keys` (`user_id`, `access_token`, `expires_at`, `created_at`, `updated_at`) VALUES (102, '0ee65bd0c9f2d3ad920ef73cd1ad5ab4', '2019-09-12 09:46:00', '2019-09-11 09:46:00', '2019-09-11 09:46:00')[0m
  [1m[35m (1.6ms)[0m  [1m[35mCOMMIT[0m
Started POST "/api/auth/access_token" for 127.0.0.1 at 2019-09-11 17:46:01 +0800
  [1m[36mUser Load (0.5ms)[0m  [1m[34mSELECT  `users`.* FROM `users` WHERE `users`.`name` = 'wang' LIMIT 1[0m
  [1m[35m (0.2ms)[0m  [1m[35mBEGIN[0m
  [1m[36mUser Load (0.4ms)[0m  [1m[34mSELECT  `users`.* FROM `users` WHERE `users`.`id` = 102 LIMIT 1[0m
  [1m[36mUserKey Exists (0.5ms)[0m  [1m[34mSELECT  1 AS one FROM `user_keys` WHERE `user_keys`.`access_token` = 'd34cb6f4a8e3fe8111b5a4e5342696ee' LIMIT 1[0m
  [1m[35mSQL (0.4ms)[0m  [1m[32mINSERT INTO `user_keys` (`user_id`, `access_token`, `expires_at`, `created_at`, `updated_at`) VALUES (102, 'd34cb6f4a8e3fe8111b5a4e5342696ee', '2019-09-12 09:46:01', '2019-09-11 09:46:01', '2019-09-11 09:46:01')[0m
  [1m[35m (1.5ms)[0m  [1m[35mCOMMIT[0m
Started POST "/api/auth/access_token" for 127.0.0.1 at 2019-09-11 17:46:01 +0800
  [1m[36mUser Load (0.5ms)[0m  [1m[34mSELECT  `users`.* FROM `users` WHERE `users`.`name` = 'wang' LIMIT 1[0m
  [1m[35m (0.3ms)[0m  [1m[35mBEGIN[0m
  [1m[36mUser Load (0.4ms)[0m  [1m[34mSELECT  `users`.* FROM `users` WHERE `users`.`id` = 102 LIMIT 1[0m
  [1m[36mUserKey Exists (0.4ms)[0m  [1m[34mSELECT  1 AS one FROM `user_keys` WHERE `user_keys`.`access_token` = '106dd2c81cb6435704dc04defcf0106f' LIMIT 1[0m
  [1m[35mSQL (0.6ms)[0m  [1m[32mINSERT INTO `user_keys` (`user_id`, `access_token`, `expires_at`, `created_at`, `updated_at`) VALUES (102, '106dd2c81cb6435704dc04defcf0106f', '2019-09-12 09:46:02', '2019-09-11 09:46:02', '2019-09-11 09:46:02')[0m
  [1m[35m (1.2ms)[0m  [1m[35mCOMMIT[0m
Started POST "/api/auth/access_token" for 127.0.0.1 at 2019-09-11 17:46:02 +0800
  [1m[36mUser Load (0.6ms)[0m  [1m[34mSELECT  `users`.* FROM `users` WHERE `users`.`name` = 'wang' LIMIT 1[0m
  [1m[35m (0.2ms)[0m  [1m[35mBEGIN[0m
  [1m[36mUser Load (0.5ms)[0m  [1m[34mSELECT  `users`.* FROM `users` WHERE `users`.`id` = 102 LIMIT 1[0m
  [1m[36mUserKey Exists (0.3ms)[0m  [1m[34mSELECT  1 AS one FROM `user_keys` WHERE `user_keys`.`access_token` = '6017f9f4fc1301ac968294aad564a2e1' LIMIT 1[0m
  [1m[35mSQL (0.3ms)[0m  [1m[32mINSERT INTO `user_keys` (`user_id`, `access_token`, `expires_at`, `created_at`, `updated_at`) VALUES (102, '6017f9f4fc1301ac968294aad564a2e1', '2019-09-12 09:46:02', '2019-09-11 09:46:02', '2019-09-11 09:46:02')[0m
  [1m[35m (1.5ms)[0m  [1m[35mCOMMIT[0m
Started POST "/api/auth/access_token" for 127.0.0.1 at 2019-09-11 17:46:02 +0800
  [1m[36mUser Load (0.9ms)[0m  [1m[34mSELECT  `users`.* FROM `users` WHERE `users`.`name` = 'wang' LIMIT 1[0m
  [1m[35m (0.2ms)[0m  [1m[35mBEGIN[0m
  [1m[36mUser Load (0.6ms)[0m  [1m[34mSELECT  `users`.* FROM `users` WHERE `users`.`id` = 102 LIMIT 1[0m
  [1m[36mUserKey Exists (0.4ms)[0m  [1m[34mSELECT  1 AS one FROM `user_keys` WHERE `user_keys`.`access_token` = '686d587187799e445ca2224823b046dd' LIMIT 1[0m
  [1m[35mSQL (0.4ms)[0m  [1m[32mINSERT INTO `user_keys` (`user_id`, `access_token`, `expires_at`, `created_at`, `updated_at`) VALUES (102, '686d587187799e445ca2224823b046dd', '2019-09-12 09:46:02', '2019-09-11 09:46:02', '2019-09-11 09:46:02')[0m
  [1m[35m (1.2ms)[0m  [1m[35mCOMMIT[0m
Started POST "/api/auth/access_token" for 127.0.0.1 at 2019-09-11 17:46:02 +0800
  [1m[36mUser Load (0.6ms)[0m  [1m[34mSELECT  `users`.* FROM `users` WHERE `users`.`name` = 'wang' LIMIT 1[0m
  [1m[35m (0.2ms)[0m  [1m[35mBEGIN[0m
  [1m[36mUser Load (0.5ms)[0m  [1m[34mSELECT  `users`.* FROM `users` WHERE `users`.`id` = 102 LIMIT 1[0m
  [1m[36mUserKey Exists (0.4ms)[0m  [1m[34mSELECT  1 AS one FROM `user_keys` WHERE `user_keys`.`access_token` = '8252d448590b137e26b8acaece637558' LIMIT 1[0m
  [1m[35mSQL (0.4ms)[0m  [1m[32mINSERT INTO `user_keys` (`user_id`, `access_token`, `expires_at`, `created_at`, `updated_at`) VALUES (102, '8252d448590b137e26b8acaece637558', '2019-09-12 09:46:02', '2019-09-11 09:46:02', '2019-09-11 09:46:02')[0m
  [1m[35m (1.4ms)[0m  [1m[35mCOMMIT[0m
Started POST "/api/auth/access_token" for 127.0.0.1 at 2019-09-11 17:46:03 +0800
  [1m[36mUser Load (0.8ms)[0m  [1m[34mSELECT  `users`.* FROM `users` WHERE `users`.`name` = 'wang' LIMIT 1[0m
  [1m[35m (0.6ms)[0m  [1m[35mBEGIN[0m
  [1m[36mUser Load (0.5ms)[0m  [1m[34mSELECT  `users`.* FROM `users` WHERE `users`.`id` = 102 LIMIT 1[0m
  [1m[36mUserKey Exists (0.5ms)[0m  [1m[34mSELECT  1 AS one FROM `user_keys` WHERE `user_keys`.`access_token` = '4da738f7d739303420deb2b6f4e148a6' LIMIT 1[0m
  [1m[35mSQL (0.4ms)[0m  [1m[32mINSERT INTO `user_keys` (`user_id`, `access_token`, `expires_at`, `created_at`, `updated_at`) VALUES (102, '4da738f7d739303420deb2b6f4e148a6', '2019-09-12 09:46:03', '2019-09-11 09:46:03', '2019-09-11 09:46:03')[0m
  [1m[35m (1.1ms)[0m  [1m[35mCOMMIT[0m
Started POST "/api/auth/access_token" for 127.0.0.1 at 2019-09-11 17:46:03 +0800
  [1m[36mUser Load (0.7ms)[0m  [1m[34mSELECT  `users`.* FROM `users` WHERE `users`.`name` = 'wang' LIMIT 1[0m
  [1m[35m (0.1ms)[0m  [1m[35mBEGIN[0m
  [1m[36mUser Load (0.4ms)[0m  [1m[34mSELECT  `users`.* FROM `users` WHERE `users`.`id` = 102 LIMIT 1[0m
  [1m[36mUserKey Exists (0.3ms)[0m  [1m[34mSELECT  1 AS one FROM `user_keys` WHERE `user_keys`.`access_token` = '5379c411d527e9587bdc48b668349695' LIMIT 1[0m
  [1m[35mSQL (0.3ms)[0m  [1m[32mINSERT INTO `user_keys` (`user_id`, `access_token`, `expires_at`, `created_at`, `updated_at`) VALUES (102, '5379c411d527e9587bdc48b668349695', '2019-09-12 09:46:03', '2019-09-11 09:46:03', '2019-09-11 09:46:03')[0m
  [1m[35m (1.2ms)[0m  [1m[35mCOMMIT[0m
Started POST "/api/auth/access_token" for 127.0.0.1 at 2019-09-11 17:46:08 +0800
  [1m[36mUser Load (0.5ms)[0m  [1m[34mSELECT  `users`.* FROM `users` WHERE `users`.`name` = 'wang' LIMIT 1[0m
Started POST "/api/auth/access_token" for 127.0.0.1 at 2019-09-11 17:46:09 +0800
  [1m[36mUser Load (0.5ms)[0m  [1m[34mSELECT  `users`.* FROM `users` WHERE `users`.`name` = 'wang' LIMIT 1[0m
Started POST "/api/auth/access_token" for 127.0.0.1 at 2019-09-11 17:46:09 +0800
  [1m[36mUser Load (0.6ms)[0m  [1m[34mSELECT  `users`.* FROM `users` WHERE `users`.`name` = 'wang' LIMIT 1[0m
Started POST "/api/auth/access_token" for 127.0.0.1 at 2019-09-11 17:46:10 +0800
  [1m[36mUser Load (0.6ms)[0m  [1m[34mSELECT  `users`.* FROM `users` WHERE `users`.`name` = 'wang' LIMIT 1[0m
Started POST "/api/auth/access_token" for 127.0.0.1 at 2019-09-11 17:46:10 +0800
  [1m[36mUser Load (0.4ms)[0m  [1m[34mSELECT  `users`.* FROM `users` WHERE `users`.`name` = 'wang' LIMIT 1[0m
Started POST "/api/auth/access_token" for 127.0.0.1 at 2019-09-11 17:46:10 +0800
  [1m[36mUser Load (0.6ms)[0m  [1m[34mSELECT  `users`.* FROM `users` WHERE `users`.`name` = 'wang' LIMIT 1[0m
Started GET "/apidoc" for 127.0.0.1 at 2019-09-11 17:50:48 +0800
Processing by GrapeSwaggerRails::ApplicationController#index as HTML
  Rendering /home/w/.rvm/gems/ruby-2.3.0/gems/grape-swagger-rails-0.3.1/app/views/grape_swagger_rails/application/index.html.erb
  Rendered /home/w/.rvm/gems/ruby-2.3.0/gems/grape-swagger-rails-0.3.1/app/views/grape_swagger_rails/application/index.html.erb (323.0ms)
Completed 200 OK in 342ms (Views: 330.9ms | ActiveRecord: 0.0ms)


Started GET "/api/swagger_doc" for 127.0.0.1 at 2019-09-11 17:50:49 +0800
Started GET "/api/test?access_token=1&resource=1" for 127.0.0.1 at 2019-09-11 17:50:56 +0800
  [1m[36mUserKey Load (0.2ms)[0m  [1m[34mSELECT  `user_keys`.* FROM `user_keys` WHERE `user_keys`.`access_token` = '1' ORDER BY `user_keys`.`id` DESC LIMIT 1[0m
Started POST "/api/auth/access_token" for 127.0.0.1 at 2019-09-11 17:51:08 +0800
  [1m[36mUser Load (0.5ms)[0m  [1m[34mSELECT  `users`.* FROM `users` WHERE `users`.`name` = 'wang' LIMIT 1[0m
  [1m[35m (0.2ms)[0m  [1m[35mBEGIN[0m
  [1m[36mUser Load (0.4ms)[0m  [1m[34mSELECT  `users`.* FROM `users` WHERE `users`.`id` = 102 LIMIT 1[0m
  [1m[36mUserKey Exists (0.4ms)[0m  [1m[34mSELECT  1 AS one FROM `user_keys` WHERE `user_keys`.`access_token` = '73a80dcfa7d4a464e76cc36e1731237c' LIMIT 1[0m
  [1m[35mSQL (0.5ms)[0m  [1m[32mINSERT INTO `user_keys` (`user_id`, `access_token`, `expires_at`, `created_at`, `updated_at`) VALUES (102, '73a80dcfa7d4a464e76cc36e1731237c', '2019-09-12 09:51:08', '2019-09-11 09:51:08', '2019-09-11 09:51:08')[0m
  [1m[35m (1.9ms)[0m  [1m[35mCOMMIT[0m
Started GET "/api/test?access_token=73a80dcfa7d4a464e76cc36e1731237c&resource=weibo" for 127.0.0.1 at 2019-09-11 17:51:19 +0800
  [1m[36mUserKey Load (0.4ms)[0m  [1m[34mSELECT  `user_keys`.* FROM `user_keys` WHERE `user_keys`.`access_token` = '73a80dcfa7d4a464e76cc36e1731237c' ORDER BY `user_keys`.`id` DESC LIMIT 1[0m
  [1m[36mUser Load (0.4ms)[0m  [1m[34mSELECT  `users`.* FROM `users` WHERE `users`.`id` = 102 LIMIT 1[0m
  [1m[36mNew Load (0.4ms)[0m  [1m[34mSELECT  `news`.* FROM `news` WHERE `news`.`resource` = 'weibo' ORDER BY id desc LIMIT 5[0m
Started POST "/api/auth/access_token" for 127.0.0.1 at 2019-09-11 17:51:26 +0800
  [1m[36mUser Load (0.9ms)[0m  [1m[34mSELECT  `users`.* FROM `users` WHERE `users`.`name` = 'wang' LIMIT 1[0m
  [1m[35m (0.2ms)[0m  [1m[35mBEGIN[0m
  [1m[36mUser Load (0.4ms)[0m  [1m[34mSELECT  `users`.* FROM `users` WHERE `users`.`id` = 102 LIMIT 1[0m
  [1m[36mUserKey Exists (0.4ms)[0m  [1m[34mSELECT  1 AS one FROM `user_keys` WHERE `user_keys`.`access_token` = '2c1c0eb20aa7a2645c63e7e05bdcb50e' LIMIT 1[0m
  [1m[35mSQL (0.4ms)[0m  [1m[32mINSERT INTO `user_keys` (`user_id`, `access_token`, `expires_at`, `created_at`, `updated_at`) VALUES (102, '2c1c0eb20aa7a2645c63e7e05bdcb50e', '2019-09-12 09:51:26', '2019-09-11 09:51:26', '2019-09-11 09:51:26')[0m
  [1m[35m (1.7ms)[0m  [1m[35mCOMMIT[0m
Started GET "/api/test?access_token=73a80dcfa7d4a464e76cc36e1731237c&resource=weibo" for 127.0.0.1 at 2019-09-11 17:51:28 +0800
  [1m[36mUserKey Load (0.4ms)[0m  [1m[34mSELECT  `user_keys`.* FROM `user_keys` WHERE `user_keys`.`access_token` = '73a80dcfa7d4a464e76cc36e1731237c' ORDER BY `user_keys`.`id` DESC LIMIT 1[0m
  [1m[36mUser Load (0.7ms)[0m  [1m[34mSELECT  `users`.* FROM `users` WHERE `users`.`id` = 102 LIMIT 1[0m
  [1m[36mNew Load (0.6ms)[0m  [1m[34mSELECT  `news`.* FROM `news` WHERE `news`.`resource` = 'weibo' ORDER BY id desc LIMIT 5[0m
Started GET "/api/test?access_token=73a80dcfa7d4a464e76cc36e1731237c&resource=weibo" for 127.0.0.1 at 2019-09-11 17:51:31 +0800
  [1m[36mUserKey Load (0.5ms)[0m  [1m[34mSELECT  `user_keys`.* FROM `user_keys` WHERE `user_keys`.`access_token` = '73a80dcfa7d4a464e76cc36e1731237c' ORDER BY `user_keys`.`id` DESC LIMIT 1[0m
  [1m[36mUser Load (0.5ms)[0m  [1m[34mSELECT  `users`.* FROM `users` WHERE `users`.`id` = 102 LIMIT 1[0m
  [1m[36mNew Load (0.6ms)[0m  [1m[34mSELECT  `news`.* FROM `news` WHERE `news`.`resource` = 'weibo' ORDER BY id desc LIMIT 5[0m
Started GET "/api/test?access_token=73a80dcfa7d4a464e76cc36e1731237c&resource=weibo" for 127.0.0.1 at 2019-09-11 17:51:31 +0800
  [1m[36mUserKey Load (0.4ms)[0m  [1m[34mSELECT  `user_keys`.* FROM `user_keys` WHERE `user_keys`.`access_token` = '73a80dcfa7d4a464e76cc36e1731237c' ORDER BY `user_keys`.`id` DESC LIMIT 1[0m
  [1m[36mUser Load (0.4ms)[0m  [1m[34mSELECT  `users`.* FROM `users` WHERE `users`.`id` = 102 LIMIT 1[0m
  [1m[36mNew Load (0.4ms)[0m  [1m[34mSELECT  `news`.* FROM `news` WHERE `news`.`resource` = 'weibo' ORDER BY id desc LIMIT 5[0m
Started GET "/api/test?access_token=73a80dcfa7d4a464e76cc36e1731237c&resource=weibo" for 127.0.0.1 at 2019-09-11 17:51:31 +0800
  [1m[36mUserKey Load (0.3ms)[0m  [1m[34mSELECT  `user_keys`.* FROM `user_keys` WHERE `user_keys`.`access_token` = '73a80dcfa7d4a464e76cc36e1731237c' ORDER BY `user_keys`.`id` DESC LIMIT 1[0m
  [1m[36mUser Load (0.4ms)[0m  [1m[34mSELECT  `users`.* FROM `users` WHERE `users`.`id` = 102 LIMIT 1[0m
  [1m[36mNew Load (0.5ms)[0m  [1m[34mSELECT  `news`.* FROM `news` WHERE `news`.`resource` = 'weibo' ORDER BY id desc LIMIT 5[0m
Started GET "/api/test?access_token=73a80dcfa7d4a464e76cc36e1731237c&resource=weibo" for 127.0.0.1 at 2019-09-11 17:51:32 +0800
  [1m[36mUserKey Load (0.5ms)[0m  [1m[34mSELECT  `user_keys`.* FROM `user_keys` WHERE `user_keys`.`access_token` = '73a80dcfa7d4a464e76cc36e1731237c' ORDER BY `user_keys`.`id` DESC LIMIT 1[0m
  [1m[36mUser Load (0.5ms)[0m  [1m[34mSELECT  `users`.* FROM `users` WHERE `users`.`id` = 102 LIMIT 1[0m
  [1m[36mNew Load (0.8ms)[0m  [1m[34mSELECT  `news`.* FROM `news` WHERE `news`.`resource` = 'weibo' ORDER BY id desc LIMIT 5[0m
Started GET "/api/test?access_token=73a80dcfa7d4a464e76cc36e1731237c&resource=weibo" for 127.0.0.1 at 2019-09-11 17:51:49 +0800
  [1m[36mUserKey Load (0.8ms)[0m  [1m[34mSELECT  `user_keys`.* FROM `user_keys` WHERE `user_keys`.`access_token` = '73a80dcfa7d4a464e76cc36e1731237c' ORDER BY `user_keys`.`id` DESC LIMIT 1[0m
  [1m[36mUser Load (0.5ms)[0m  [1m[34mSELECT  `users`.* FROM `users` WHERE `users`.`id` = 102 LIMIT 1[0m
  [1m[36mNew Load (0.8ms)[0m  [1m[34mSELECT  `news`.* FROM `news` WHERE `news`.`resource` = 'weibo' ORDER BY id desc LIMIT 5[0m
Started GET "/api/test?access_token=73a80dcfa7d4a464e76cc36e1731237c&resource=weibo" for 127.0.0.1 at 2019-09-11 17:51:50 +0800
  [1m[36mUserKey Load (0.4ms)[0m  [1m[34mSELECT  `user_keys`.* FROM `user_keys` WHERE `user_keys`.`access_token` = '73a80dcfa7d4a464e76cc36e1731237c' ORDER BY `user_keys`.`id` DESC LIMIT 1[0m
  [1m[36mUser Load (0.5ms)[0m  [1m[34mSELECT  `users`.* FROM `users` WHERE `users`.`id` = 102 LIMIT 1[0m
  [1m[36mNew Load (0.7ms)[0m  [1m[34mSELECT  `news`.* FROM `news` WHERE `news`.`resource` = 'weibo' ORDER BY id desc LIMIT 5[0m
Started GET "/api/test?access_token=73a80dcfa7d4a464e76cc36e1731237c&resource=weibo" for 127.0.0.1 at 2019-09-11 17:51:51 +0800
  [1m[36mUserKey Load (0.5ms)[0m  [1m[34mSELECT  `user_keys`.* FROM `user_keys` WHERE `user_keys`.`access_token` = '73a80dcfa7d4a464e76cc36e1731237c' ORDER BY `user_keys`.`id` DESC LIMIT 1[0m
  [1m[36mUser Load (0.5ms)[0m  [1m[34mSELECT  `users`.* FROM `users` WHERE `users`.`id` = 102 LIMIT 1[0m
  [1m[36mNew Load (0.5ms)[0m  [1m[34mSELECT  `news`.* FROM `news` WHERE `news`.`resource` = 'weibo' ORDER BY id desc LIMIT 5[0m
Started GET "/api/test?access_token=73a80dcfa7d4a464e76cc36e1731237c&resource=weibo" for 127.0.0.1 at 2019-09-11 17:51:51 +0800
  [1m[36mUserKey Load (0.3ms)[0m  [1m[34mSELECT  `user_keys`.* FROM `user_keys` WHERE `user_keys`.`access_token` = '73a80dcfa7d4a464e76cc36e1731237c' ORDER BY `user_keys`.`id` DESC LIMIT 1[0m
  [1m[36mUser Load (0.5ms)[0m  [1m[34mSELECT  `users`.* FROM `users` WHERE `users`.`id` = 102 LIMIT 1[0m
  [1m[36mNew Load (0.6ms)[0m  [1m[34mSELECT  `news`.* FROM `news` WHERE `news`.`resource` = 'weibo' ORDER BY id desc LIMIT 5[0m
Started GET "/api/test?access_token=73a80dcfa7d4a464e76cc36e1731237c&resource=weibo" for 127.0.0.1 at 2019-09-11 17:52:18 +0800
  [1m[35m (0.4ms)[0m  [1m[35mSET NAMES utf8,  @@SESSION.sql_mode = CONCAT(CONCAT(@@sql_mode, ',STRICT_ALL_TABLES'), ',NO_AUTO_VALUE_ON_ZERO'),  @@SESSION.sql_auto_is_null = 0, @@SESSION.wait_timeout = 2147483[0m
  [1m[35m (0.5ms)[0m  [1m[34mSELECT `schema_migrations`.`version` FROM `schema_migrations` ORDER BY `schema_migrations`.`version` ASC[0m
  [1m[36mUserKey Load (0.5ms)[0m  [1m[34mSELECT  `user_keys`.* FROM `user_keys` WHERE `user_keys`.`access_token` = '73a80dcfa7d4a464e76cc36e1731237c' ORDER BY `user_keys`.`id` DESC LIMIT 1[0m
  [1m[36mUser Load (0.5ms)[0m  [1m[34mSELECT  `users`.* FROM `users` WHERE `users`.`id` = 102 LIMIT 1[0m
